[0.046s] Invoking command in '/home/capstone-nano1/TTT-Capstone-Sensors/tabletennistrainer_ws/build/ttt_control': CMAKE_PREFIX_PATH=/opt/ros/humble /usr/bin/cmake /home/capstone-nano1/TTT-Capstone-Sensors/tabletennistrainer_ws/src/ttt_control -DCMAKE_INSTALL_PREFIX=/home/capstone-nano1/TTT-Capstone-Sensors/tabletennistrainer_ws/install/ttt_control
[0.703s] -- The C compiler identification is GNU 11.4.0
[1.175s] -- The CXX compiler identification is GNU 11.4.0
[1.212s] -- Detecting C compiler ABI info
[1.415s] -- Detecting C compiler ABI info - done
[1.447s] -- Check for working C compiler: /usr/bin/cc - skipped
[1.452s] -- Detecting C compile features
[1.458s] -- Detecting C compile features - done
[1.467s] -- Detecting CXX compiler ABI info
[1.698s] -- Detecting CXX compiler ABI info - done
[1.722s] -- Check for working CXX compiler: /usr/bin/c++ - skipped
[1.724s] -- Detecting CXX compile features
[1.726s] -- Detecting CXX compile features - done
[1.733s] -- Found ament_cmake: 1.3.12 (/opt/ros/humble/share/ament_cmake/cmake)
[2.901s] -- Found Python3: /usr/bin/python3 (found version "3.10.12") found components: Interpreter 
[3.201s] -- Found rclcpp: 16.0.17 (/opt/ros/humble/share/rclcpp/cmake)
[3.331s] -- Found rosidl_generator_c: 3.1.8 (/opt/ros/humble/share/rosidl_generator_c/cmake)
[3.347s] -- Found rosidl_adapter: 3.1.8 (/opt/ros/humble/share/rosidl_adapter/cmake)
[3.365s] -- Found rosidl_generator_cpp: 3.1.8 (/opt/ros/humble/share/rosidl_generator_cpp/cmake)
[3.391s] -- Using all available rosidl_typesupport_c: rosidl_typesupport_fastrtps_c;rosidl_typesupport_introspection_c
[3.426s] -- Using all available rosidl_typesupport_cpp: rosidl_typesupport_fastrtps_cpp;rosidl_typesupport_introspection_cpp
[3.518s] -- Found rmw_implementation_cmake: 6.1.2 (/opt/ros/humble/share/rmw_implementation_cmake/cmake)
[3.523s] -- Found rmw_fastrtps_cpp: 6.2.9 (/opt/ros/humble/share/rmw_fastrtps_cpp/cmake)
[3.737s] -- Found OpenSSL: /usr/lib/aarch64-linux-gnu/libcrypto.so (found version "3.0.2")  
[3.814s] -- Found FastRTPS: /opt/ros/humble/include  
[3.905s] -- Using RMW implementation 'rmw_fastrtps_cpp' as default
[3.923s] -- Looking for pthread.h
[4.106s] -- Looking for pthread.h - found
[4.107s] -- Performing Test CMAKE_HAVE_LIBC_PTHREAD
[4.289s] -- Performing Test CMAKE_HAVE_LIBC_PTHREAD - Success
[4.292s] -- Found Threads: TRUE  
[4.415s] -- Found geometry_msgs: 4.9.0 (/opt/ros/humble/share/geometry_msgs/cmake)
[4.445s] -- Found ament_lint_auto: 0.12.14 (/opt/ros/humble/share/ament_lint_auto/cmake)
[4.678s] -- Added test 'lint_cmake' to check CMake code style
[4.680s] -- Added test 'xmllint' to check XML markup files
[4.683s] -- Configuring done
[4.698s] -- Generating done
[4.706s] -- Build files have been written to: /home/capstone-nano1/TTT-Capstone-Sensors/tabletennistrainer_ws/build/ttt_control
[4.759s] Invoked command in '/home/capstone-nano1/TTT-Capstone-Sensors/tabletennistrainer_ws/build/ttt_control' returned '0': CMAKE_PREFIX_PATH=/opt/ros/humble /usr/bin/cmake /home/capstone-nano1/TTT-Capstone-Sensors/tabletennistrainer_ws/src/ttt_control -DCMAKE_INSTALL_PREFIX=/home/capstone-nano1/TTT-Capstone-Sensors/tabletennistrainer_ws/install/ttt_control
[4.762s] Invoking command in '/home/capstone-nano1/TTT-Capstone-Sensors/tabletennistrainer_ws/build/ttt_control': CMAKE_PREFIX_PATH=/opt/ros/humble /usr/bin/cmake --build /home/capstone-nano1/TTT-Capstone-Sensors/tabletennistrainer_ws/build/ttt_control -- -j6 -l6
[4.870s] Invoked command in '/home/capstone-nano1/TTT-Capstone-Sensors/tabletennistrainer_ws/build/ttt_control' returned '0': CMAKE_PREFIX_PATH=/opt/ros/humble /usr/bin/cmake --build /home/capstone-nano1/TTT-Capstone-Sensors/tabletennistrainer_ws/build/ttt_control -- -j6 -l6
[4.874s] Invoking command in '/home/capstone-nano1/TTT-Capstone-Sensors/tabletennistrainer_ws/build/ttt_control': CMAKE_PREFIX_PATH=/opt/ros/humble /usr/bin/cmake --install /home/capstone-nano1/TTT-Capstone-Sensors/tabletennistrainer_ws/build/ttt_control
[4.892s] -- Install configuration: ""
[4.898s] -- Installing: /home/capstone-nano1/TTT-Capstone-Sensors/tabletennistrainer_ws/install/ttt_control/share/ament_index/resource_index/package_run_dependencies/ttt_control
[4.898s] -- Installing: /home/capstone-nano1/TTT-Capstone-Sensors/tabletennistrainer_ws/install/ttt_control/share/ament_index/resource_index/parent_prefix_path/ttt_control
[4.903s] -- Installing: /home/capstone-nano1/TTT-Capstone-Sensors/tabletennistrainer_ws/install/ttt_control/share/ttt_control/environment/ament_prefix_path.sh
[4.904s] -- Installing: /home/capstone-nano1/TTT-Capstone-Sensors/tabletennistrainer_ws/install/ttt_control/share/ttt_control/environment/ament_prefix_path.dsv
[4.906s] -- Installing: /home/capstone-nano1/TTT-Capstone-Sensors/tabletennistrainer_ws/install/ttt_control/share/ttt_control/environment/path.sh
[4.906s] -- Installing: /home/capstone-nano1/TTT-Capstone-Sensors/tabletennistrainer_ws/install/ttt_control/share/ttt_control/environment/path.dsv
[4.906s] -- Installing: /home/capstone-nano1/TTT-Capstone-Sensors/tabletennistrainer_ws/install/ttt_control/share/ttt_control/local_setup.bash
[4.907s] -- Installing: /home/capstone-nano1/TTT-Capstone-Sensors/tabletennistrainer_ws/install/ttt_control/share/ttt_control/local_setup.sh
[4.907s] -- Installing: /home/capstone-nano1/TTT-Capstone-Sensors/tabletennistrainer_ws/install/ttt_control/share/ttt_control/local_setup.zsh
[4.907s] -- Installing: /home/capstone-nano1/TTT-Capstone-Sensors/tabletennistrainer_ws/install/ttt_control/share/ttt_control/local_setup.dsv
[4.909s] -- Installing: /home/capstone-nano1/TTT-Capstone-Sensors/tabletennistrainer_ws/install/ttt_control/share/ttt_control/package.dsv
[4.911s] -- Installing: /home/capstone-nano1/TTT-Capstone-Sensors/tabletennistrainer_ws/install/ttt_control/share/ament_index/resource_index/packages/ttt_control
[4.912s] -- Installing: /home/capstone-nano1/TTT-Capstone-Sensors/tabletennistrainer_ws/install/ttt_control/share/ttt_control/cmake/ttt_controlConfig.cmake
[4.912s] -- Installing: /home/capstone-nano1/TTT-Capstone-Sensors/tabletennistrainer_ws/install/ttt_control/share/ttt_control/cmake/ttt_controlConfig-version.cmake
[4.912s] -- Installing: /home/capstone-nano1/TTT-Capstone-Sensors/tabletennistrainer_ws/install/ttt_control/share/ttt_control/package.xml
[4.948s] Invoked command in '/home/capstone-nano1/TTT-Capstone-Sensors/tabletennistrainer_ws/build/ttt_control' returned '0': CMAKE_PREFIX_PATH=/opt/ros/humble /usr/bin/cmake --install /home/capstone-nano1/TTT-Capstone-Sensors/tabletennistrainer_ws/build/ttt_control
