[0.043s] Invoking command in '/home/capstone-nano1/TTT-Capstone-Sensors/tabletennistrainer_ws/build/ttt_hardware': CMAKE_PREFIX_PATH=/opt/ros/humble /usr/bin/cmake /home/capstone-nano1/TTT-Capstone-Sensors/tabletennistrainer_ws/src/ttt_hardware -DCMAKE_INSTALL_PREFIX=/home/capstone-nano1/TTT-Capstone-Sensors/tabletennistrainer_ws/install/ttt_hardware
[0.687s] -- The C compiler identification is GNU 11.4.0
[1.175s] -- The CXX compiler identification is GNU 11.4.0
[1.205s] -- Detecting C compiler ABI info
[1.421s] -- Detecting C compiler ABI info - done
[1.452s] -- Check for working C compiler: /usr/bin/cc - skipped
[1.452s] -- Detecting C compile features
[1.454s] -- Detecting C compile features - done
[1.465s] -- Detecting CXX compiler ABI info
[1.692s] -- Detecting CXX compiler ABI info - done
[1.706s] -- Check for working CXX compiler: /usr/bin/c++ - skipped
[1.707s] -- Detecting CXX compile features
[1.708s] -- Detecting CXX compile features - done
[1.713s] -- Found ament_cmake: 1.3.12 (/opt/ros/humble/share/ament_cmake/cmake)
[2.895s] -- Found Python3: /usr/bin/python3 (found version "3.10.12") found components: Interpreter 
[3.195s] -- Found rclcpp: 16.0.17 (/opt/ros/humble/share/rclcpp/cmake)
[3.294s] -- Found rosidl_generator_c: 3.1.8 (/opt/ros/humble/share/rosidl_generator_c/cmake)
[3.304s] -- Found rosidl_adapter: 3.1.8 (/opt/ros/humble/share/rosidl_adapter/cmake)
[3.321s] -- Found rosidl_generator_cpp: 3.1.8 (/opt/ros/humble/share/rosidl_generator_cpp/cmake)
[3.347s] -- Using all available rosidl_typesupport_c: rosidl_typesupport_fastrtps_c;rosidl_typesupport_introspection_c
[3.382s] -- Using all available rosidl_typesupport_cpp: rosidl_typesupport_fastrtps_cpp;rosidl_typesupport_introspection_cpp
[3.476s] -- Found rmw_implementation_cmake: 6.1.2 (/opt/ros/humble/share/rmw_implementation_cmake/cmake)
[3.481s] -- Found rmw_fastrtps_cpp: 6.2.9 (/opt/ros/humble/share/rmw_fastrtps_cpp/cmake)
[3.688s] -- Found OpenSSL: /usr/lib/aarch64-linux-gnu/libcrypto.so (found version "3.0.2")  
[3.759s] -- Found FastRTPS: /opt/ros/humble/include  
[3.857s] -- Using RMW implementation 'rmw_fastrtps_cpp' as default
[3.879s] -- Looking for pthread.h
[4.091s] -- Looking for pthread.h - found
[4.093s] -- Performing Test CMAKE_HAVE_LIBC_PTHREAD
[4.283s] -- Performing Test CMAKE_HAVE_LIBC_PTHREAD - Success
[4.286s] -- Found Threads: TRUE  
[4.408s] -- Found ament_lint_auto: 0.12.14 (/opt/ros/humble/share/ament_lint_auto/cmake)
[4.671s] -- Added test 'lint_cmake' to check CMake code style
[4.673s] -- Added test 'xmllint' to check XML markup files
[4.676s] -- Configuring done
[4.692s] -- Generating done
[4.700s] -- Build files have been written to: /home/capstone-nano1/TTT-Capstone-Sensors/tabletennistrainer_ws/build/ttt_hardware
[4.744s] Invoked command in '/home/capstone-nano1/TTT-Capstone-Sensors/tabletennistrainer_ws/build/ttt_hardware' returned '0': CMAKE_PREFIX_PATH=/opt/ros/humble /usr/bin/cmake /home/capstone-nano1/TTT-Capstone-Sensors/tabletennistrainer_ws/src/ttt_hardware -DCMAKE_INSTALL_PREFIX=/home/capstone-nano1/TTT-Capstone-Sensors/tabletennistrainer_ws/install/ttt_hardware
[4.748s] Invoking command in '/home/capstone-nano1/TTT-Capstone-Sensors/tabletennistrainer_ws/build/ttt_hardware': CMAKE_PREFIX_PATH=/opt/ros/humble /usr/bin/cmake --build /home/capstone-nano1/TTT-Capstone-Sensors/tabletennistrainer_ws/build/ttt_hardware -- -j6 -l6
[4.857s] Invoked command in '/home/capstone-nano1/TTT-Capstone-Sensors/tabletennistrainer_ws/build/ttt_hardware' returned '0': CMAKE_PREFIX_PATH=/opt/ros/humble /usr/bin/cmake --build /home/capstone-nano1/TTT-Capstone-Sensors/tabletennistrainer_ws/build/ttt_hardware -- -j6 -l6
[4.862s] Invoking command in '/home/capstone-nano1/TTT-Capstone-Sensors/tabletennistrainer_ws/build/ttt_hardware': CMAKE_PREFIX_PATH=/opt/ros/humble /usr/bin/cmake --install /home/capstone-nano1/TTT-Capstone-Sensors/tabletennistrainer_ws/build/ttt_hardware
[4.883s] -- Install configuration: ""
[4.884s] -- Installing: /home/capstone-nano1/TTT-Capstone-Sensors/tabletennistrainer_ws/install/ttt_hardware/share/ament_index/resource_index/package_run_dependencies/ttt_hardware
[4.889s] -- Installing: /home/capstone-nano1/TTT-Capstone-Sensors/tabletennistrainer_ws/install/ttt_hardware/share/ament_index/resource_index/parent_prefix_path/ttt_hardware
[4.889s] -- Installing: /home/capstone-nano1/TTT-Capstone-Sensors/tabletennistrainer_ws/install/ttt_hardware/share/ttt_hardware/environment/ament_prefix_path.sh
[4.892s] -- Installing: /home/capstone-nano1/TTT-Capstone-Sensors/tabletennistrainer_ws/install/ttt_hardware/share/ttt_hardware/environment/ament_prefix_path.dsv
[4.893s] -- Installing: /home/capstone-nano1/TTT-Capstone-Sensors/tabletennistrainer_ws/install/ttt_hardware/share/ttt_hardware/environment/path.sh
[4.893s] -- Installing: /home/capstone-nano1/TTT-Capstone-Sensors/tabletennistrainer_ws/install/ttt_hardware/share/ttt_hardware/environment/path.dsv
[4.898s] -- Installing: /home/capstone-nano1/TTT-Capstone-Sensors/tabletennistrainer_ws/install/ttt_hardware/share/ttt_hardware/local_setup.bash
[4.898s] -- Installing: /home/capstone-nano1/TTT-Capstone-Sensors/tabletennistrainer_ws/install/ttt_hardware/share/ttt_hardware/local_setup.sh
[4.898s] -- Installing: /home/capstone-nano1/TTT-Capstone-Sensors/tabletennistrainer_ws/install/ttt_hardware/share/ttt_hardware/local_setup.zsh
[4.899s] -- Installing: /home/capstone-nano1/TTT-Capstone-Sensors/tabletennistrainer_ws/install/ttt_hardware/share/ttt_hardware/local_setup.dsv
[4.899s] -- Installing: /home/capstone-nano1/TTT-Capstone-Sensors/tabletennistrainer_ws/install/ttt_hardware/share/ttt_hardware/package.dsv
[4.901s] -- Installing: /home/capstone-nano1/TTT-Capstone-Sensors/tabletennistrainer_ws/install/ttt_hardware/share/ament_index/resource_index/packages/ttt_hardware
[4.901s] -- Installing: /home/capstone-nano1/TTT-Capstone-Sensors/tabletennistrainer_ws/install/ttt_hardware/share/ttt_hardware/cmake/ttt_hardwareConfig.cmake
[4.902s] -- Installing: /home/capstone-nano1/TTT-Capstone-Sensors/tabletennistrainer_ws/install/ttt_hardware/share/ttt_hardware/cmake/ttt_hardwareConfig-version.cmake
[4.904s] -- Installing: /home/capstone-nano1/TTT-Capstone-Sensors/tabletennistrainer_ws/install/ttt_hardware/share/ttt_hardware/package.xml
[4.907s] Invoked command in '/home/capstone-nano1/TTT-Capstone-Sensors/tabletennistrainer_ws/build/ttt_hardware' returned '0': CMAKE_PREFIX_PATH=/opt/ros/humble /usr/bin/cmake --install /home/capstone-nano1/TTT-Capstone-Sensors/tabletennistrainer_ws/build/ttt_hardware
