[0.254s] DEBUG:colcon:Command line arguments: ['/usr/bin/colcon', 'build']
[0.255s] DEBUG:colcon:Parsed command line arguments: Namespace(log_base=None, log_level=None, verb_name='build', build_base='build', install_base='install', merge_install=False, symlink_install=False, test_result_base=None, continue_on_error=False, executor='parallel', parallel_workers=6, event_handlers=None, ignore_user_meta=False, metas=['./colcon.meta'], base_paths=['.'], packages_ignore=None, packages_ignore_regex=None, paths=None, packages_up_to=None, packages_up_to_regex=None, packages_above=None, packages_above_and_dependencies=None, packages_above_depth=None, packages_select_by_dep=None, packages_skip_by_dep=None, packages_skip_up_to=None, packages_select_build_failed=False, packages_skip_build_finished=False, packages_select_test_failures=False, packages_skip_test_passed=False, packages_select=None, packages_skip=None, packages_select_regex=None, packages_skip_regex=None, packages_start=None, packages_end=None, allow_overriding=[], cmake_args=None, cmake_target=None, cmake_target_skip_unavailable=False, cmake_clean_cache=False, cmake_clean_first=False, cmake_force_configure=False, ament_cmake_args=None, catkin_cmake_args=None, catkin_skip_building_tests=False, verb_parser=<colcon_defaults.argument_parser.defaults.DefaultArgumentsDecorator object at 0xffff8bd29000>, verb_extension=<colcon_core.verb.build.BuildVerb object at 0xffff8bd28af0>, main=<bound method BuildVerb.main of <colcon_core.verb.build.BuildVerb object at 0xffff8bd28af0>>)
[0.408s] Level 1:colcon.colcon_core.package_discovery:discover_packages(colcon_meta) check parameters
[0.408s] Level 1:colcon.colcon_core.package_discovery:discover_packages(recursive) check parameters
[0.408s] Level 1:colcon.colcon_core.package_discovery:discover_packages(ignore) check parameters
[0.408s] Level 1:colcon.colcon_core.package_discovery:discover_packages(path) check parameters
[0.408s] Level 1:colcon.colcon_core.package_discovery:discover_packages(colcon_meta) discover
[0.409s] Level 1:colcon.colcon_core.package_discovery:discover_packages(recursive) discover
[0.409s] INFO:colcon.colcon_core.package_discovery:Crawling recursively for packages in '/home/capstone-nano1/TTT-Capstone-Sensors/tabletennistrainer_ws'
[0.409s] Level 1:colcon.colcon_core.package_identification:_identify(.) by extensions ['ignore', 'ignore_ament_install']
[0.409s] Level 1:colcon.colcon_core.package_identification:_identify(.) by extension 'ignore'
[0.409s] Level 1:colcon.colcon_core.package_identification:_identify(.) by extension 'ignore_ament_install'
[0.410s] Level 1:colcon.colcon_core.package_identification:_identify(.) by extensions ['colcon_pkg']
[0.410s] Level 1:colcon.colcon_core.package_identification:_identify(.) by extension 'colcon_pkg'
[0.410s] Level 1:colcon.colcon_core.package_identification:_identify(.) by extensions ['colcon_meta']
[0.410s] Level 1:colcon.colcon_core.package_identification:_identify(.) by extension 'colcon_meta'
[0.410s] Level 1:colcon.colcon_core.package_identification:_identify(.) by extensions ['ros']
[0.410s] Level 1:colcon.colcon_core.package_identification:_identify(.) by extension 'ros'
[0.445s] Level 1:colcon.colcon_core.package_identification:_identify(.) by extensions ['cmake', 'python']
[0.446s] Level 1:colcon.colcon_core.package_identification:_identify(.) by extension 'cmake'
[0.446s] Level 1:colcon.colcon_core.package_identification:_identify(.) by extension 'python'
[0.446s] Level 1:colcon.colcon_core.package_identification:_identify(.) by extensions ['python_setup_py']
[0.446s] Level 1:colcon.colcon_core.package_identification:_identify(.) by extension 'python_setup_py'
[0.446s] Level 1:colcon.colcon_core.package_identification:_identify(build) by extensions ['ignore', 'ignore_ament_install']
[0.447s] Level 1:colcon.colcon_core.package_identification:_identify(build) by extension 'ignore'
[0.447s] Level 1:colcon.colcon_core.package_identification:_identify(build) ignored
[0.447s] Level 1:colcon.colcon_core.package_identification:_identify(install) by extensions ['ignore', 'ignore_ament_install']
[0.447s] Level 1:colcon.colcon_core.package_identification:_identify(install) by extension 'ignore'
[0.447s] Level 1:colcon.colcon_core.package_identification:_identify(install) ignored
[0.448s] Level 1:colcon.colcon_core.package_identification:_identify(log) by extensions ['ignore', 'ignore_ament_install']
[0.448s] Level 1:colcon.colcon_core.package_identification:_identify(log) by extension 'ignore'
[0.448s] Level 1:colcon.colcon_core.package_identification:_identify(log) ignored
[0.448s] Level 1:colcon.colcon_core.package_identification:_identify(src) by extensions ['ignore', 'ignore_ament_install']
[0.448s] Level 1:colcon.colcon_core.package_identification:_identify(src) by extension 'ignore'
[0.449s] Level 1:colcon.colcon_core.package_identification:_identify(src) by extension 'ignore_ament_install'
[0.449s] Level 1:colcon.colcon_core.package_identification:_identify(src) by extensions ['colcon_pkg']
[0.449s] Level 1:colcon.colcon_core.package_identification:_identify(src) by extension 'colcon_pkg'
[0.449s] Level 1:colcon.colcon_core.package_identification:_identify(src) by extensions ['colcon_meta']
[0.449s] Level 1:colcon.colcon_core.package_identification:_identify(src) by extension 'colcon_meta'
[0.449s] Level 1:colcon.colcon_core.package_identification:_identify(src) by extensions ['ros']
[0.449s] Level 1:colcon.colcon_core.package_identification:_identify(src) by extension 'ros'
[0.449s] Level 1:colcon.colcon_core.package_identification:_identify(src) by extensions ['cmake', 'python']
[0.449s] Level 1:colcon.colcon_core.package_identification:_identify(src) by extension 'cmake'
[0.450s] Level 1:colcon.colcon_core.package_identification:_identify(src) by extension 'python'
[0.450s] Level 1:colcon.colcon_core.package_identification:_identify(src) by extensions ['python_setup_py']
[0.450s] Level 1:colcon.colcon_core.package_identification:_identify(src) by extension 'python_setup_py'
[0.450s] Level 1:colcon.colcon_core.package_identification:_identify(src/ttt_bringup) by extensions ['ignore', 'ignore_ament_install']
[0.450s] Level 1:colcon.colcon_core.package_identification:_identify(src/ttt_bringup) by extension 'ignore'
[0.450s] Level 1:colcon.colcon_core.package_identification:_identify(src/ttt_bringup) by extension 'ignore_ament_install'
[0.450s] Level 1:colcon.colcon_core.package_identification:_identify(src/ttt_bringup) by extensions ['colcon_pkg']
[0.450s] Level 1:colcon.colcon_core.package_identification:_identify(src/ttt_bringup) by extension 'colcon_pkg'
[0.451s] Level 1:colcon.colcon_core.package_identification:_identify(src/ttt_bringup) by extensions ['colcon_meta']
[0.451s] Level 1:colcon.colcon_core.package_identification:_identify(src/ttt_bringup) by extension 'colcon_meta'
[0.451s] Level 1:colcon.colcon_core.package_identification:_identify(src/ttt_bringup) by extensions ['ros']
[0.451s] Level 1:colcon.colcon_core.package_identification:_identify(src/ttt_bringup) by extension 'ros'
[0.457s] DEBUG:colcon.colcon_core.package_identification:Package 'src/ttt_bringup' with type 'ros.ament_cmake' and name 'ttt_bringup'
[0.457s] Level 1:colcon.colcon_core.package_identification:_identify(src/ttt_camera) by extensions ['ignore', 'ignore_ament_install']
[0.457s] Level 1:colcon.colcon_core.package_identification:_identify(src/ttt_camera) by extension 'ignore'
[0.457s] Level 1:colcon.colcon_core.package_identification:_identify(src/ttt_camera) by extension 'ignore_ament_install'
[0.457s] Level 1:colcon.colcon_core.package_identification:_identify(src/ttt_camera) by extensions ['colcon_pkg']
[0.458s] Level 1:colcon.colcon_core.package_identification:_identify(src/ttt_camera) by extension 'colcon_pkg'
[0.458s] Level 1:colcon.colcon_core.package_identification:_identify(src/ttt_camera) by extensions ['colcon_meta']
[0.458s] Level 1:colcon.colcon_core.package_identification:_identify(src/ttt_camera) by extension 'colcon_meta'
[0.458s] Level 1:colcon.colcon_core.package_identification:_identify(src/ttt_camera) by extensions ['ros']
[0.458s] Level 1:colcon.colcon_core.package_identification:_identify(src/ttt_camera) by extension 'ros'
[0.460s] DEBUG:colcon.colcon_core.package_identification:Package 'src/ttt_camera' with type 'ros.ament_cmake' and name 'ttt_camera'
[0.460s] Level 1:colcon.colcon_core.package_identification:_identify(src/ttt_control) by extensions ['ignore', 'ignore_ament_install']
[0.460s] Level 1:colcon.colcon_core.package_identification:_identify(src/ttt_control) by extension 'ignore'
[0.460s] Level 1:colcon.colcon_core.package_identification:_identify(src/ttt_control) by extension 'ignore_ament_install'
[0.460s] Level 1:colcon.colcon_core.package_identification:_identify(src/ttt_control) by extensions ['colcon_pkg']
[0.460s] Level 1:colcon.colcon_core.package_identification:_identify(src/ttt_control) by extension 'colcon_pkg'
[0.461s] Level 1:colcon.colcon_core.package_identification:_identify(src/ttt_control) by extensions ['colcon_meta']
[0.461s] Level 1:colcon.colcon_core.package_identification:_identify(src/ttt_control) by extension 'colcon_meta'
[0.461s] Level 1:colcon.colcon_core.package_identification:_identify(src/ttt_control) by extensions ['ros']
[0.461s] Level 1:colcon.colcon_core.package_identification:_identify(src/ttt_control) by extension 'ros'
[0.462s] DEBUG:colcon.colcon_core.package_identification:Package 'src/ttt_control' with type 'ros.ament_cmake' and name 'ttt_control'
[0.462s] Level 1:colcon.colcon_core.package_identification:_identify(src/ttt_hardware) by extensions ['ignore', 'ignore_ament_install']
[0.463s] Level 1:colcon.colcon_core.package_identification:_identify(src/ttt_hardware) by extension 'ignore'
[0.463s] Level 1:colcon.colcon_core.package_identification:_identify(src/ttt_hardware) by extension 'ignore_ament_install'
[0.463s] Level 1:colcon.colcon_core.package_identification:_identify(src/ttt_hardware) by extensions ['colcon_pkg']
[0.463s] Level 1:colcon.colcon_core.package_identification:_identify(src/ttt_hardware) by extension 'colcon_pkg'
[0.463s] Level 1:colcon.colcon_core.package_identification:_identify(src/ttt_hardware) by extensions ['colcon_meta']
[0.463s] Level 1:colcon.colcon_core.package_identification:_identify(src/ttt_hardware) by extension 'colcon_meta'
[0.463s] Level 1:colcon.colcon_core.package_identification:_identify(src/ttt_hardware) by extensions ['ros']
[0.463s] Level 1:colcon.colcon_core.package_identification:_identify(src/ttt_hardware) by extension 'ros'
[0.465s] DEBUG:colcon.colcon_core.package_identification:Package 'src/ttt_hardware' with type 'ros.ament_cmake' and name 'ttt_hardware'
[0.465s] Level 1:colcon.colcon_core.package_identification:_identify(src/ttt_msgs) by extensions ['ignore', 'ignore_ament_install']
[0.465s] Level 1:colcon.colcon_core.package_identification:_identify(src/ttt_msgs) by extension 'ignore'
[0.465s] Level 1:colcon.colcon_core.package_identification:_identify(src/ttt_msgs) by extension 'ignore_ament_install'
[0.465s] Level 1:colcon.colcon_core.package_identification:_identify(src/ttt_msgs) by extensions ['colcon_pkg']
[0.465s] Level 1:colcon.colcon_core.package_identification:_identify(src/ttt_msgs) by extension 'colcon_pkg'
[0.465s] Level 1:colcon.colcon_core.package_identification:_identify(src/ttt_msgs) by extensions ['colcon_meta']
[0.466s] Level 1:colcon.colcon_core.package_identification:_identify(src/ttt_msgs) by extension 'colcon_meta'
[0.466s] Level 1:colcon.colcon_core.package_identification:_identify(src/ttt_msgs) by extensions ['ros']
[0.466s] Level 1:colcon.colcon_core.package_identification:_identify(src/ttt_msgs) by extension 'ros'
[0.467s] DEBUG:colcon.colcon_core.package_identification:Package 'src/ttt_msgs' with type 'ros.ament_cmake' and name 'ttt_msgs'
[0.467s] Level 1:colcon.colcon_core.package_identification:_identify(src/ttt_vision) by extensions ['ignore', 'ignore_ament_install']
[0.467s] Level 1:colcon.colcon_core.package_identification:_identify(src/ttt_vision) by extension 'ignore'
[0.467s] Level 1:colcon.colcon_core.package_identification:_identify(src/ttt_vision) by extension 'ignore_ament_install'
[0.467s] Level 1:colcon.colcon_core.package_identification:_identify(src/ttt_vision) by extensions ['colcon_pkg']
[0.468s] Level 1:colcon.colcon_core.package_identification:_identify(src/ttt_vision) by extension 'colcon_pkg'
[0.468s] Level 1:colcon.colcon_core.package_identification:_identify(src/ttt_vision) by extensions ['colcon_meta']
[0.468s] Level 1:colcon.colcon_core.package_identification:_identify(src/ttt_vision) by extension 'colcon_meta'
[0.468s] Level 1:colcon.colcon_core.package_identification:_identify(src/ttt_vision) by extensions ['ros']
[0.468s] Level 1:colcon.colcon_core.package_identification:_identify(src/ttt_vision) by extension 'ros'
[0.469s] DEBUG:colcon.colcon_core.package_identification:Package 'src/ttt_vision' with type 'ros.ament_cmake' and name 'ttt_vision'
[0.469s] Level 1:colcon.colcon_core.package_discovery:discover_packages(recursive) using defaults
[0.470s] Level 1:colcon.colcon_core.package_discovery:discover_packages(ignore) discover
[0.470s] Level 1:colcon.colcon_core.package_discovery:discover_packages(ignore) using defaults
[0.470s] Level 1:colcon.colcon_core.package_discovery:discover_packages(path) discover
[0.470s] Level 1:colcon.colcon_core.package_discovery:discover_packages(path) using defaults
[0.519s] Level 1:colcon.colcon_core.package_discovery:discover_packages(prefix_path) check parameters
[0.519s] Level 1:colcon.colcon_core.package_discovery:discover_packages(prefix_path) discover
[0.525s] DEBUG:colcon.colcon_installed_package_information.package_discovery:Found 323 installed packages in /opt/ros/humble
[0.528s] Level 1:colcon.colcon_core.package_discovery:discover_packages(prefix_path) using defaults
[0.628s] Level 5:colcon.colcon_core.verb:set package 'ttt_bringup' build argument 'cmake_args' from command line to 'None'
[0.628s] Level 5:colcon.colcon_core.verb:set package 'ttt_bringup' build argument 'cmake_target' from command line to 'None'
[0.628s] Level 5:colcon.colcon_core.verb:set package 'ttt_bringup' build argument 'cmake_target_skip_unavailable' from command line to 'False'
[0.629s] Level 5:colcon.colcon_core.verb:set package 'ttt_bringup' build argument 'cmake_clean_cache' from command line to 'False'
[0.629s] Level 5:colcon.colcon_core.verb:set package 'ttt_bringup' build argument 'cmake_clean_first' from command line to 'False'
[0.629s] Level 5:colcon.colcon_core.verb:set package 'ttt_bringup' build argument 'cmake_force_configure' from command line to 'False'
[0.629s] Level 5:colcon.colcon_core.verb:set package 'ttt_bringup' build argument 'ament_cmake_args' from command line to 'None'
[0.629s] Level 5:colcon.colcon_core.verb:set package 'ttt_bringup' build argument 'catkin_cmake_args' from command line to 'None'
[0.629s] Level 5:colcon.colcon_core.verb:set package 'ttt_bringup' build argument 'catkin_skip_building_tests' from command line to 'False'
[0.629s] DEBUG:colcon.colcon_core.verb:Building package 'ttt_bringup' with the following arguments: {'ament_cmake_args': None, 'build_base': '/home/capstone-nano1/TTT-Capstone-Sensors/tabletennistrainer_ws/build/ttt_bringup', 'catkin_cmake_args': None, 'catkin_skip_building_tests': False, 'cmake_args': None, 'cmake_clean_cache': False, 'cmake_clean_first': False, 'cmake_force_configure': False, 'cmake_target': None, 'cmake_target_skip_unavailable': False, 'install_base': '/home/capstone-nano1/TTT-Capstone-Sensors/tabletennistrainer_ws/install/ttt_bringup', 'merge_install': False, 'path': '/home/capstone-nano1/TTT-Capstone-Sensors/tabletennistrainer_ws/src/ttt_bringup', 'symlink_install': False, 'test_result_base': None}
[0.630s] Level 5:colcon.colcon_core.verb:set package 'ttt_camera' build argument 'cmake_args' from command line to 'None'
[0.630s] Level 5:colcon.colcon_core.verb:set package 'ttt_camera' build argument 'cmake_target' from command line to 'None'
[0.630s] Level 5:colcon.colcon_core.verb:set package 'ttt_camera' build argument 'cmake_target_skip_unavailable' from command line to 'False'
[0.630s] Level 5:colcon.colcon_core.verb:set package 'ttt_camera' build argument 'cmake_clean_cache' from command line to 'False'
[0.630s] Level 5:colcon.colcon_core.verb:set package 'ttt_camera' build argument 'cmake_clean_first' from command line to 'False'
[0.630s] Level 5:colcon.colcon_core.verb:set package 'ttt_camera' build argument 'cmake_force_configure' from command line to 'False'
[0.630s] Level 5:colcon.colcon_core.verb:set package 'ttt_camera' build argument 'ament_cmake_args' from command line to 'None'
[0.630s] Level 5:colcon.colcon_core.verb:set package 'ttt_camera' build argument 'catkin_cmake_args' from command line to 'None'
[0.630s] Level 5:colcon.colcon_core.verb:set package 'ttt_camera' build argument 'catkin_skip_building_tests' from command line to 'False'
[0.630s] DEBUG:colcon.colcon_core.verb:Building package 'ttt_camera' with the following arguments: {'ament_cmake_args': None, 'build_base': '/home/capstone-nano1/TTT-Capstone-Sensors/tabletennistrainer_ws/build/ttt_camera', 'catkin_cmake_args': None, 'catkin_skip_building_tests': False, 'cmake_args': None, 'cmake_clean_cache': False, 'cmake_clean_first': False, 'cmake_force_configure': False, 'cmake_target': None, 'cmake_target_skip_unavailable': False, 'install_base': '/home/capstone-nano1/TTT-Capstone-Sensors/tabletennistrainer_ws/install/ttt_camera', 'merge_install': False, 'path': '/home/capstone-nano1/TTT-Capstone-Sensors/tabletennistrainer_ws/src/ttt_camera', 'symlink_install': False, 'test_result_base': None}
[0.631s] Level 5:colcon.colcon_core.verb:set package 'ttt_control' build argument 'cmake_args' from command line to 'None'
[0.631s] Level 5:colcon.colcon_core.verb:set package 'ttt_control' build argument 'cmake_target' from command line to 'None'
[0.631s] Level 5:colcon.colcon_core.verb:set package 'ttt_control' build argument 'cmake_target_skip_unavailable' from command line to 'False'
[0.631s] Level 5:colcon.colcon_core.verb:set package 'ttt_control' build argument 'cmake_clean_cache' from command line to 'False'
[0.631s] Level 5:colcon.colcon_core.verb:set package 'ttt_control' build argument 'cmake_clean_first' from command line to 'False'
[0.631s] Level 5:colcon.colcon_core.verb:set package 'ttt_control' build argument 'cmake_force_configure' from command line to 'False'
[0.631s] Level 5:colcon.colcon_core.verb:set package 'ttt_control' build argument 'ament_cmake_args' from command line to 'None'
[0.631s] Level 5:colcon.colcon_core.verb:set package 'ttt_control' build argument 'catkin_cmake_args' from command line to 'None'
[0.631s] Level 5:colcon.colcon_core.verb:set package 'ttt_control' build argument 'catkin_skip_building_tests' from command line to 'False'
[0.631s] DEBUG:colcon.colcon_core.verb:Building package 'ttt_control' with the following arguments: {'ament_cmake_args': None, 'build_base': '/home/capstone-nano1/TTT-Capstone-Sensors/tabletennistrainer_ws/build/ttt_control', 'catkin_cmake_args': None, 'catkin_skip_building_tests': False, 'cmake_args': None, 'cmake_clean_cache': False, 'cmake_clean_first': False, 'cmake_force_configure': False, 'cmake_target': None, 'cmake_target_skip_unavailable': False, 'install_base': '/home/capstone-nano1/TTT-Capstone-Sensors/tabletennistrainer_ws/install/ttt_control', 'merge_install': False, 'path': '/home/capstone-nano1/TTT-Capstone-Sensors/tabletennistrainer_ws/src/ttt_control', 'symlink_install': False, 'test_result_base': None}
[0.632s] Level 5:colcon.colcon_core.verb:set package 'ttt_hardware' build argument 'cmake_args' from command line to 'None'
[0.632s] Level 5:colcon.colcon_core.verb:set package 'ttt_hardware' build argument 'cmake_target' from command line to 'None'
[0.632s] Level 5:colcon.colcon_core.verb:set package 'ttt_hardware' build argument 'cmake_target_skip_unavailable' from command line to 'False'
[0.632s] Level 5:colcon.colcon_core.verb:set package 'ttt_hardware' build argument 'cmake_clean_cache' from command line to 'False'
[0.632s] Level 5:colcon.colcon_core.verb:set package 'ttt_hardware' build argument 'cmake_clean_first' from command line to 'False'
[0.632s] Level 5:colcon.colcon_core.verb:set package 'ttt_hardware' build argument 'cmake_force_configure' from command line to 'False'
[0.632s] Level 5:colcon.colcon_core.verb:set package 'ttt_hardware' build argument 'ament_cmake_args' from command line to 'None'
[0.632s] Level 5:colcon.colcon_core.verb:set package 'ttt_hardware' build argument 'catkin_cmake_args' from command line to 'None'
[0.632s] Level 5:colcon.colcon_core.verb:set package 'ttt_hardware' build argument 'catkin_skip_building_tests' from command line to 'False'
[0.632s] DEBUG:colcon.colcon_core.verb:Building package 'ttt_hardware' with the following arguments: {'ament_cmake_args': None, 'build_base': '/home/capstone-nano1/TTT-Capstone-Sensors/tabletennistrainer_ws/build/ttt_hardware', 'catkin_cmake_args': None, 'catkin_skip_building_tests': False, 'cmake_args': None, 'cmake_clean_cache': False, 'cmake_clean_first': False, 'cmake_force_configure': False, 'cmake_target': None, 'cmake_target_skip_unavailable': False, 'install_base': '/home/capstone-nano1/TTT-Capstone-Sensors/tabletennistrainer_ws/install/ttt_hardware', 'merge_install': False, 'path': '/home/capstone-nano1/TTT-Capstone-Sensors/tabletennistrainer_ws/src/ttt_hardware', 'symlink_install': False, 'test_result_base': None}
[0.633s] Level 5:colcon.colcon_core.verb:set package 'ttt_msgs' build argument 'cmake_args' from command line to 'None'
[0.633s] Level 5:colcon.colcon_core.verb:set package 'ttt_msgs' build argument 'cmake_target' from command line to 'None'
[0.633s] Level 5:colcon.colcon_core.verb:set package 'ttt_msgs' build argument 'cmake_target_skip_unavailable' from command line to 'False'
[0.633s] Level 5:colcon.colcon_core.verb:set package 'ttt_msgs' build argument 'cmake_clean_cache' from command line to 'False'
[0.633s] Level 5:colcon.colcon_core.verb:set package 'ttt_msgs' build argument 'cmake_clean_first' from command line to 'False'
[0.633s] Level 5:colcon.colcon_core.verb:set package 'ttt_msgs' build argument 'cmake_force_configure' from command line to 'False'
[0.633s] Level 5:colcon.colcon_core.verb:set package 'ttt_msgs' build argument 'ament_cmake_args' from command line to 'None'
[0.633s] Level 5:colcon.colcon_core.verb:set package 'ttt_msgs' build argument 'catkin_cmake_args' from command line to 'None'
[0.633s] Level 5:colcon.colcon_core.verb:set package 'ttt_msgs' build argument 'catkin_skip_building_tests' from command line to 'False'
[0.634s] DEBUG:colcon.colcon_core.verb:Building package 'ttt_msgs' with the following arguments: {'ament_cmake_args': None, 'build_base': '/home/capstone-nano1/TTT-Capstone-Sensors/tabletennistrainer_ws/build/ttt_msgs', 'catkin_cmake_args': None, 'catkin_skip_building_tests': False, 'cmake_args': None, 'cmake_clean_cache': False, 'cmake_clean_first': False, 'cmake_force_configure': False, 'cmake_target': None, 'cmake_target_skip_unavailable': False, 'install_base': '/home/capstone-nano1/TTT-Capstone-Sensors/tabletennistrainer_ws/install/ttt_msgs', 'merge_install': False, 'path': '/home/capstone-nano1/TTT-Capstone-Sensors/tabletennistrainer_ws/src/ttt_msgs', 'symlink_install': False, 'test_result_base': None}
[0.634s] Level 5:colcon.colcon_core.verb:set package 'ttt_vision' build argument 'cmake_args' from command line to 'None'
[0.634s] Level 5:colcon.colcon_core.verb:set package 'ttt_vision' build argument 'cmake_target' from command line to 'None'
[0.634s] Level 5:colcon.colcon_core.verb:set package 'ttt_vision' build argument 'cmake_target_skip_unavailable' from command line to 'False'
[0.634s] Level 5:colcon.colcon_core.verb:set package 'ttt_vision' build argument 'cmake_clean_cache' from command line to 'False'
[0.634s] Level 5:colcon.colcon_core.verb:set package 'ttt_vision' build argument 'cmake_clean_first' from command line to 'False'
[0.634s] Level 5:colcon.colcon_core.verb:set package 'ttt_vision' build argument 'cmake_force_configure' from command line to 'False'
[0.634s] Level 5:colcon.colcon_core.verb:set package 'ttt_vision' build argument 'ament_cmake_args' from command line to 'None'
[0.634s] Level 5:colcon.colcon_core.verb:set package 'ttt_vision' build argument 'catkin_cmake_args' from command line to 'None'
[0.634s] Level 5:colcon.colcon_core.verb:set package 'ttt_vision' build argument 'catkin_skip_building_tests' from command line to 'False'
[0.635s] DEBUG:colcon.colcon_core.verb:Building package 'ttt_vision' with the following arguments: {'ament_cmake_args': None, 'build_base': '/home/capstone-nano1/TTT-Capstone-Sensors/tabletennistrainer_ws/build/ttt_vision', 'catkin_cmake_args': None, 'catkin_skip_building_tests': False, 'cmake_args': None, 'cmake_clean_cache': False, 'cmake_clean_first': False, 'cmake_force_configure': False, 'cmake_target': None, 'cmake_target_skip_unavailable': False, 'install_base': '/home/capstone-nano1/TTT-Capstone-Sensors/tabletennistrainer_ws/install/ttt_vision', 'merge_install': False, 'path': '/home/capstone-nano1/TTT-Capstone-Sensors/tabletennistrainer_ws/src/ttt_vision', 'symlink_install': False, 'test_result_base': None}
[0.635s] INFO:colcon.colcon_core.executor:Executing jobs using 'parallel' executor
[0.638s] DEBUG:colcon.colcon_parallel_executor.executor.parallel:run_until_complete
[0.639s] INFO:colcon.colcon_ros.task.ament_cmake.build:Building ROS package in '/home/capstone-nano1/TTT-Capstone-Sensors/tabletennistrainer_ws/src/ttt_bringup' with build type 'ament_cmake'
[0.639s] INFO:colcon.colcon_cmake.task.cmake.build:Building CMake package in '/home/capstone-nano1/TTT-Capstone-Sensors/tabletennistrainer_ws/src/ttt_bringup'
[0.644s] INFO:colcon.colcon_core.plugin_system:Skipping extension 'colcon_core.shell.bat': Not used on non-Windows systems
[0.644s] INFO:colcon.colcon_core.shell:Skip shell extension 'powershell' for command environment: Not usable outside of PowerShell
[0.645s] DEBUG:colcon.colcon_core.shell:Skip shell extension 'dsv' for command environment
[0.652s] INFO:colcon.colcon_ros.task.ament_cmake.build:Building ROS package in '/home/capstone-nano1/TTT-Capstone-Sensors/tabletennistrainer_ws/src/ttt_camera' with build type 'ament_cmake'
[0.652s] INFO:colcon.colcon_cmake.task.cmake.build:Building CMake package in '/home/capstone-nano1/TTT-Capstone-Sensors/tabletennistrainer_ws/src/ttt_camera'
[0.652s] INFO:colcon.colcon_core.shell:Skip shell extension 'powershell' for command environment: Not usable outside of PowerShell
[0.653s] DEBUG:colcon.colcon_core.shell:Skip shell extension 'dsv' for command environment
[0.658s] INFO:colcon.colcon_ros.task.ament_cmake.build:Building ROS package in '/home/capstone-nano1/TTT-Capstone-Sensors/tabletennistrainer_ws/src/ttt_control' with build type 'ament_cmake'
[0.658s] INFO:colcon.colcon_cmake.task.cmake.build:Building CMake package in '/home/capstone-nano1/TTT-Capstone-Sensors/tabletennistrainer_ws/src/ttt_control'
[0.659s] INFO:colcon.colcon_core.shell:Skip shell extension 'powershell' for command environment: Not usable outside of PowerShell
[0.659s] DEBUG:colcon.colcon_core.shell:Skip shell extension 'dsv' for command environment
[0.664s] INFO:colcon.colcon_ros.task.ament_cmake.build:Building ROS package in '/home/capstone-nano1/TTT-Capstone-Sensors/tabletennistrainer_ws/src/ttt_hardware' with build type 'ament_cmake'
[0.665s] INFO:colcon.colcon_cmake.task.cmake.build:Building CMake package in '/home/capstone-nano1/TTT-Capstone-Sensors/tabletennistrainer_ws/src/ttt_hardware'
[0.665s] INFO:colcon.colcon_core.shell:Skip shell extension 'powershell' for command environment: Not usable outside of PowerShell
[0.665s] DEBUG:colcon.colcon_core.shell:Skip shell extension 'dsv' for command environment
[0.671s] INFO:colcon.colcon_ros.task.ament_cmake.build:Building ROS package in '/home/capstone-nano1/TTT-Capstone-Sensors/tabletennistrainer_ws/src/ttt_msgs' with build type 'ament_cmake'
[0.672s] INFO:colcon.colcon_cmake.task.cmake.build:Building CMake package in '/home/capstone-nano1/TTT-Capstone-Sensors/tabletennistrainer_ws/src/ttt_msgs'
[0.672s] INFO:colcon.colcon_core.shell:Skip shell extension 'powershell' for command environment: Not usable outside of PowerShell
[0.672s] DEBUG:colcon.colcon_core.shell:Skip shell extension 'dsv' for command environment
[0.677s] INFO:colcon.colcon_ros.task.ament_cmake.build:Building ROS package in '/home/capstone-nano1/TTT-Capstone-Sensors/tabletennistrainer_ws/src/ttt_vision' with build type 'ament_cmake'
[0.678s] INFO:colcon.colcon_cmake.task.cmake.build:Building CMake package in '/home/capstone-nano1/TTT-Capstone-Sensors/tabletennistrainer_ws/src/ttt_vision'
[0.678s] INFO:colcon.colcon_core.shell:Skip shell extension 'powershell' for command environment: Not usable outside of PowerShell
[0.678s] DEBUG:colcon.colcon_core.shell:Skip shell extension 'dsv' for command environment
[0.692s] DEBUG:colcon.colcon_core.event_handler.log_command:Invoking command in '/home/capstone-nano1/TTT-Capstone-Sensors/tabletennistrainer_ws/build/ttt_bringup': CMAKE_PREFIX_PATH=/opt/ros/humble /usr/bin/cmake /home/capstone-nano1/TTT-Capstone-Sensors/tabletennistrainer_ws/src/ttt_bringup -DCMAKE_INSTALL_PREFIX=/home/capstone-nano1/TTT-Capstone-Sensors/tabletennistrainer_ws/install/ttt_bringup
[0.701s] DEBUG:colcon.colcon_core.event_handler.log_command:Invoking command in '/home/capstone-nano1/TTT-Capstone-Sensors/tabletennistrainer_ws/build/ttt_camera': CMAKE_PREFIX_PATH=/opt/ros/humble /usr/bin/cmake /home/capstone-nano1/TTT-Capstone-Sensors/tabletennistrainer_ws/src/ttt_camera -DCMAKE_INSTALL_PREFIX=/home/capstone-nano1/TTT-Capstone-Sensors/tabletennistrainer_ws/install/ttt_camera
[0.705s] DEBUG:colcon.colcon_core.event_handler.log_command:Invoking command in '/home/capstone-nano1/TTT-Capstone-Sensors/tabletennistrainer_ws/build/ttt_control': CMAKE_PREFIX_PATH=/opt/ros/humble /usr/bin/cmake /home/capstone-nano1/TTT-Capstone-Sensors/tabletennistrainer_ws/src/ttt_control -DCMAKE_INSTALL_PREFIX=/home/capstone-nano1/TTT-Capstone-Sensors/tabletennistrainer_ws/install/ttt_control
[0.708s] DEBUG:colcon.colcon_core.event_handler.log_command:Invoking command in '/home/capstone-nano1/TTT-Capstone-Sensors/tabletennistrainer_ws/build/ttt_hardware': CMAKE_PREFIX_PATH=/opt/ros/humble /usr/bin/cmake /home/capstone-nano1/TTT-Capstone-Sensors/tabletennistrainer_ws/src/ttt_hardware -DCMAKE_INSTALL_PREFIX=/home/capstone-nano1/TTT-Capstone-Sensors/tabletennistrainer_ws/install/ttt_hardware
[0.714s] DEBUG:colcon.colcon_core.event_handler.log_command:Invoking command in '/home/capstone-nano1/TTT-Capstone-Sensors/tabletennistrainer_ws/build/ttt_msgs': CMAKE_PREFIX_PATH=/opt/ros/humble /usr/bin/cmake /home/capstone-nano1/TTT-Capstone-Sensors/tabletennistrainer_ws/src/ttt_msgs -DCMAKE_INSTALL_PREFIX=/home/capstone-nano1/TTT-Capstone-Sensors/tabletennistrainer_ws/install/ttt_msgs
[0.723s] DEBUG:colcon.colcon_core.event_handler.log_command:Invoking command in '/home/capstone-nano1/TTT-Capstone-Sensors/tabletennistrainer_ws/build/ttt_vision': CMAKE_PREFIX_PATH=/opt/ros/humble /usr/bin/cmake /home/capstone-nano1/TTT-Capstone-Sensors/tabletennistrainer_ws/src/ttt_vision -DCMAKE_INSTALL_PREFIX=/home/capstone-nano1/TTT-Capstone-Sensors/tabletennistrainer_ws/install/ttt_vision
[4.281s] DEBUG:colcon.colcon_core.event_handler.log_command:Invoked command in '/home/capstone-nano1/TTT-Capstone-Sensors/tabletennistrainer_ws/build/ttt_bringup' returned '0': CMAKE_PREFIX_PATH=/opt/ros/humble /usr/bin/cmake /home/capstone-nano1/TTT-Capstone-Sensors/tabletennistrainer_ws/src/ttt_bringup -DCMAKE_INSTALL_PREFIX=/home/capstone-nano1/TTT-Capstone-Sensors/tabletennistrainer_ws/install/ttt_bringup
[4.287s] DEBUG:colcon.colcon_core.event_handler.log_command:Invoking command in '/home/capstone-nano1/TTT-Capstone-Sensors/tabletennistrainer_ws/build/ttt_bringup': CMAKE_PREFIX_PATH=/opt/ros/humble /usr/bin/cmake --build /home/capstone-nano1/TTT-Capstone-Sensors/tabletennistrainer_ws/build/ttt_bringup -- -j6 -l6
[4.291s] DEBUG:colcon.colcon_core.event_handler.log_command:Invoked command in '/home/capstone-nano1/TTT-Capstone-Sensors/tabletennistrainer_ws/build/ttt_msgs' returned '0': CMAKE_PREFIX_PATH=/opt/ros/humble /usr/bin/cmake /home/capstone-nano1/TTT-Capstone-Sensors/tabletennistrainer_ws/src/ttt_msgs -DCMAKE_INSTALL_PREFIX=/home/capstone-nano1/TTT-Capstone-Sensors/tabletennistrainer_ws/install/ttt_msgs
[4.295s] DEBUG:colcon.colcon_core.event_handler.log_command:Invoking command in '/home/capstone-nano1/TTT-Capstone-Sensors/tabletennistrainer_ws/build/ttt_msgs': CMAKE_PREFIX_PATH=/opt/ros/humble /usr/bin/cmake --build /home/capstone-nano1/TTT-Capstone-Sensors/tabletennistrainer_ws/build/ttt_msgs -- -j6 -l6
[4.394s] DEBUG:colcon.colcon_core.event_handler.log_command:Invoked command in '/home/capstone-nano1/TTT-Capstone-Sensors/tabletennistrainer_ws/build/ttt_bringup' returned '0': CMAKE_PREFIX_PATH=/opt/ros/humble /usr/bin/cmake --build /home/capstone-nano1/TTT-Capstone-Sensors/tabletennistrainer_ws/build/ttt_bringup -- -j6 -l6
[4.422s] DEBUG:colcon.colcon_core.event_handler.log_command:Invoking command in '/home/capstone-nano1/TTT-Capstone-Sensors/tabletennistrainer_ws/build/ttt_bringup': CMAKE_PREFIX_PATH=/opt/ros/humble /usr/bin/cmake --install /home/capstone-nano1/TTT-Capstone-Sensors/tabletennistrainer_ws/build/ttt_bringup
[4.429s] DEBUG:colcon.colcon_core.event_handler.log_command:Invoked command in '/home/capstone-nano1/TTT-Capstone-Sensors/tabletennistrainer_ws/build/ttt_msgs' returned '0': CMAKE_PREFIX_PATH=/opt/ros/humble /usr/bin/cmake --build /home/capstone-nano1/TTT-Capstone-Sensors/tabletennistrainer_ws/build/ttt_msgs -- -j6 -l6
[4.429s] DEBUG:colcon.colcon_core.event_handler.log_command:Invoking command in '/home/capstone-nano1/TTT-Capstone-Sensors/tabletennistrainer_ws/build/ttt_msgs': CMAKE_PREFIX_PATH=/opt/ros/humble /usr/bin/cmake --install /home/capstone-nano1/TTT-Capstone-Sensors/tabletennistrainer_ws/build/ttt_msgs
[4.456s] Level 1:colcon.colcon_core.environment:create_environment_scripts_only(ttt_bringup)
[4.460s] DEBUG:colcon.colcon_core.event_handler.log_command:Invoked command in '/home/capstone-nano1/TTT-Capstone-Sensors/tabletennistrainer_ws/build/ttt_bringup' returned '0': CMAKE_PREFIX_PATH=/opt/ros/humble /usr/bin/cmake --install /home/capstone-nano1/TTT-Capstone-Sensors/tabletennistrainer_ws/build/ttt_bringup
[4.470s] Level 1:colcon.colcon_core.environment:checking '/home/capstone-nano1/TTT-Capstone-Sensors/tabletennistrainer_ws/install/ttt_bringup' for CMake module files
[4.471s] Level 1:colcon.colcon_core.environment:checking '/home/capstone-nano1/TTT-Capstone-Sensors/tabletennistrainer_ws/install/ttt_bringup' for CMake config files
[4.473s] Level 1:colcon.colcon_core.shell:create_environment_hook('ttt_bringup', 'cmake_prefix_path')
[4.473s] INFO:colcon.colcon_core.shell:Creating environment hook '/home/capstone-nano1/TTT-Capstone-Sensors/tabletennistrainer_ws/install/ttt_bringup/share/ttt_bringup/hook/cmake_prefix_path.ps1'
[4.476s] INFO:colcon.colcon_core.shell:Creating environment descriptor '/home/capstone-nano1/TTT-Capstone-Sensors/tabletennistrainer_ws/install/ttt_bringup/share/ttt_bringup/hook/cmake_prefix_path.dsv'
[4.477s] INFO:colcon.colcon_core.shell:Creating environment hook '/home/capstone-nano1/TTT-Capstone-Sensors/tabletennistrainer_ws/install/ttt_bringup/share/ttt_bringup/hook/cmake_prefix_path.sh'
[4.479s] Level 1:colcon.colcon_core.environment:checking '/home/capstone-nano1/TTT-Capstone-Sensors/tabletennistrainer_ws/install/ttt_bringup/bin'
[4.479s] Level 1:colcon.colcon_core.environment:checking '/home/capstone-nano1/TTT-Capstone-Sensors/tabletennistrainer_ws/install/ttt_bringup/lib/pkgconfig/ttt_bringup.pc'
[4.480s] Level 1:colcon.colcon_core.environment:checking '/home/capstone-nano1/TTT-Capstone-Sensors/tabletennistrainer_ws/install/ttt_bringup/lib/python3.10/site-packages'
[4.481s] Level 1:colcon.colcon_core.environment:checking '/home/capstone-nano1/TTT-Capstone-Sensors/tabletennistrainer_ws/install/ttt_bringup/bin'
[4.482s] INFO:colcon.colcon_core.shell:Creating package script '/home/capstone-nano1/TTT-Capstone-Sensors/tabletennistrainer_ws/install/ttt_bringup/share/ttt_bringup/package.ps1'
[4.484s] INFO:colcon.colcon_core.shell:Creating package descriptor '/home/capstone-nano1/TTT-Capstone-Sensors/tabletennistrainer_ws/install/ttt_bringup/share/ttt_bringup/package.dsv'
[4.485s] INFO:colcon.colcon_core.shell:Creating package script '/home/capstone-nano1/TTT-Capstone-Sensors/tabletennistrainer_ws/install/ttt_bringup/share/ttt_bringup/package.sh'
[4.487s] INFO:colcon.colcon_core.shell:Creating package script '/home/capstone-nano1/TTT-Capstone-Sensors/tabletennistrainer_ws/install/ttt_bringup/share/ttt_bringup/package.bash'
[4.490s] INFO:colcon.colcon_core.shell:Creating package script '/home/capstone-nano1/TTT-Capstone-Sensors/tabletennistrainer_ws/install/ttt_bringup/share/ttt_bringup/package.zsh'
[4.492s] Level 1:colcon.colcon_core.environment:create_file_with_runtime_dependencies(/home/capstone-nano1/TTT-Capstone-Sensors/tabletennistrainer_ws/install/ttt_bringup/share/colcon-core/packages/ttt_bringup)
[4.493s] Level 1:colcon.colcon_core.environment:create_environment_scripts_only(ttt_bringup)
[4.494s] Level 1:colcon.colcon_core.environment:checking '/home/capstone-nano1/TTT-Capstone-Sensors/tabletennistrainer_ws/install/ttt_bringup' for CMake module files
[4.495s] Level 1:colcon.colcon_core.environment:checking '/home/capstone-nano1/TTT-Capstone-Sensors/tabletennistrainer_ws/install/ttt_bringup' for CMake config files
[4.496s] Level 1:colcon.colcon_core.shell:create_environment_hook('ttt_bringup', 'cmake_prefix_path')
[4.496s] INFO:colcon.colcon_core.shell:Creating environment hook '/home/capstone-nano1/TTT-Capstone-Sensors/tabletennistrainer_ws/install/ttt_bringup/share/ttt_bringup/hook/cmake_prefix_path.ps1'
[4.497s] INFO:colcon.colcon_core.shell:Creating environment descriptor '/home/capstone-nano1/TTT-Capstone-Sensors/tabletennistrainer_ws/install/ttt_bringup/share/ttt_bringup/hook/cmake_prefix_path.dsv'
[4.498s] INFO:colcon.colcon_core.shell:Creating environment hook '/home/capstone-nano1/TTT-Capstone-Sensors/tabletennistrainer_ws/install/ttt_bringup/share/ttt_bringup/hook/cmake_prefix_path.sh'
[4.500s] Level 1:colcon.colcon_core.environment:checking '/home/capstone-nano1/TTT-Capstone-Sensors/tabletennistrainer_ws/install/ttt_bringup/bin'
[4.500s] Level 1:colcon.colcon_core.environment:checking '/home/capstone-nano1/TTT-Capstone-Sensors/tabletennistrainer_ws/install/ttt_bringup/lib/pkgconfig/ttt_bringup.pc'
[4.501s] Level 1:colcon.colcon_core.environment:checking '/home/capstone-nano1/TTT-Capstone-Sensors/tabletennistrainer_ws/install/ttt_bringup/lib/python3.10/site-packages'
[4.502s] Level 1:colcon.colcon_core.environment:checking '/home/capstone-nano1/TTT-Capstone-Sensors/tabletennistrainer_ws/install/ttt_bringup/bin'
[4.503s] INFO:colcon.colcon_core.shell:Creating package script '/home/capstone-nano1/TTT-Capstone-Sensors/tabletennistrainer_ws/install/ttt_bringup/share/ttt_bringup/package.ps1'
[4.504s] INFO:colcon.colcon_core.shell:Creating package descriptor '/home/capstone-nano1/TTT-Capstone-Sensors/tabletennistrainer_ws/install/ttt_bringup/share/ttt_bringup/package.dsv'
[4.505s] INFO:colcon.colcon_core.shell:Creating package script '/home/capstone-nano1/TTT-Capstone-Sensors/tabletennistrainer_ws/install/ttt_bringup/share/ttt_bringup/package.sh'
[4.507s] INFO:colcon.colcon_core.shell:Creating package script '/home/capstone-nano1/TTT-Capstone-Sensors/tabletennistrainer_ws/install/ttt_bringup/share/ttt_bringup/package.bash'
[4.509s] INFO:colcon.colcon_core.shell:Creating package script '/home/capstone-nano1/TTT-Capstone-Sensors/tabletennistrainer_ws/install/ttt_bringup/share/ttt_bringup/package.zsh'
[4.510s] Level 1:colcon.colcon_core.environment:create_file_with_runtime_dependencies(/home/capstone-nano1/TTT-Capstone-Sensors/tabletennistrainer_ws/install/ttt_bringup/share/colcon-core/packages/ttt_bringup)
[4.513s] Level 1:colcon.colcon_core.environment:create_environment_scripts_only(ttt_msgs)
[4.514s] DEBUG:colcon.colcon_core.event_handler.log_command:Invoked command in '/home/capstone-nano1/TTT-Capstone-Sensors/tabletennistrainer_ws/build/ttt_msgs' returned '0': CMAKE_PREFIX_PATH=/opt/ros/humble /usr/bin/cmake --install /home/capstone-nano1/TTT-Capstone-Sensors/tabletennistrainer_ws/build/ttt_msgs
[4.515s] Level 1:colcon.colcon_core.environment:checking '/home/capstone-nano1/TTT-Capstone-Sensors/tabletennistrainer_ws/install/ttt_msgs' for CMake module files
[4.516s] Level 1:colcon.colcon_core.environment:checking '/home/capstone-nano1/TTT-Capstone-Sensors/tabletennistrainer_ws/install/ttt_msgs' for CMake config files
[4.516s] Level 1:colcon.colcon_core.shell:create_environment_hook('ttt_msgs', 'cmake_prefix_path')
[4.517s] INFO:colcon.colcon_core.shell:Creating environment hook '/home/capstone-nano1/TTT-Capstone-Sensors/tabletennistrainer_ws/install/ttt_msgs/share/ttt_msgs/hook/cmake_prefix_path.ps1'
[4.518s] INFO:colcon.colcon_core.shell:Creating environment descriptor '/home/capstone-nano1/TTT-Capstone-Sensors/tabletennistrainer_ws/install/ttt_msgs/share/ttt_msgs/hook/cmake_prefix_path.dsv'
[4.519s] INFO:colcon.colcon_core.shell:Creating environment hook '/home/capstone-nano1/TTT-Capstone-Sensors/tabletennistrainer_ws/install/ttt_msgs/share/ttt_msgs/hook/cmake_prefix_path.sh'
[4.522s] Level 1:colcon.colcon_core.environment:checking '/home/capstone-nano1/TTT-Capstone-Sensors/tabletennistrainer_ws/install/ttt_msgs/bin'
[4.522s] Level 1:colcon.colcon_core.environment:checking '/home/capstone-nano1/TTT-Capstone-Sensors/tabletennistrainer_ws/install/ttt_msgs/lib/pkgconfig/ttt_msgs.pc'
[4.522s] Level 1:colcon.colcon_core.environment:checking '/home/capstone-nano1/TTT-Capstone-Sensors/tabletennistrainer_ws/install/ttt_msgs/lib/python3.10/site-packages'
[4.523s] Level 1:colcon.colcon_core.environment:checking '/home/capstone-nano1/TTT-Capstone-Sensors/tabletennistrainer_ws/install/ttt_msgs/bin'
[4.524s] INFO:colcon.colcon_core.shell:Creating package script '/home/capstone-nano1/TTT-Capstone-Sensors/tabletennistrainer_ws/install/ttt_msgs/share/ttt_msgs/package.ps1'
[4.525s] INFO:colcon.colcon_core.shell:Creating package descriptor '/home/capstone-nano1/TTT-Capstone-Sensors/tabletennistrainer_ws/install/ttt_msgs/share/ttt_msgs/package.dsv'
[4.527s] INFO:colcon.colcon_core.shell:Creating package script '/home/capstone-nano1/TTT-Capstone-Sensors/tabletennistrainer_ws/install/ttt_msgs/share/ttt_msgs/package.sh'
[4.528s] INFO:colcon.colcon_core.shell:Creating package script '/home/capstone-nano1/TTT-Capstone-Sensors/tabletennistrainer_ws/install/ttt_msgs/share/ttt_msgs/package.bash'
[4.529s] INFO:colcon.colcon_core.shell:Creating package script '/home/capstone-nano1/TTT-Capstone-Sensors/tabletennistrainer_ws/install/ttt_msgs/share/ttt_msgs/package.zsh'
[4.529s] Level 1:colcon.colcon_core.environment:create_file_with_runtime_dependencies(/home/capstone-nano1/TTT-Capstone-Sensors/tabletennistrainer_ws/install/ttt_msgs/share/colcon-core/packages/ttt_msgs)
[4.531s] Level 1:colcon.colcon_core.environment:create_environment_scripts_only(ttt_msgs)
[4.532s] Level 1:colcon.colcon_core.environment:checking '/home/capstone-nano1/TTT-Capstone-Sensors/tabletennistrainer_ws/install/ttt_msgs' for CMake module files
[4.533s] Level 1:colcon.colcon_core.environment:checking '/home/capstone-nano1/TTT-Capstone-Sensors/tabletennistrainer_ws/install/ttt_msgs' for CMake config files
[4.533s] Level 1:colcon.colcon_core.shell:create_environment_hook('ttt_msgs', 'cmake_prefix_path')
[4.533s] INFO:colcon.colcon_core.shell:Creating environment hook '/home/capstone-nano1/TTT-Capstone-Sensors/tabletennistrainer_ws/install/ttt_msgs/share/ttt_msgs/hook/cmake_prefix_path.ps1'
[4.535s] INFO:colcon.colcon_core.shell:Creating environment descriptor '/home/capstone-nano1/TTT-Capstone-Sensors/tabletennistrainer_ws/install/ttt_msgs/share/ttt_msgs/hook/cmake_prefix_path.dsv'
[4.536s] INFO:colcon.colcon_core.shell:Creating environment hook '/home/capstone-nano1/TTT-Capstone-Sensors/tabletennistrainer_ws/install/ttt_msgs/share/ttt_msgs/hook/cmake_prefix_path.sh'
[4.537s] Level 1:colcon.colcon_core.environment:checking '/home/capstone-nano1/TTT-Capstone-Sensors/tabletennistrainer_ws/install/ttt_msgs/bin'
[4.537s] Level 1:colcon.colcon_core.environment:checking '/home/capstone-nano1/TTT-Capstone-Sensors/tabletennistrainer_ws/install/ttt_msgs/lib/pkgconfig/ttt_msgs.pc'
[4.538s] Level 1:colcon.colcon_core.environment:checking '/home/capstone-nano1/TTT-Capstone-Sensors/tabletennistrainer_ws/install/ttt_msgs/lib/python3.10/site-packages'
[4.539s] Level 1:colcon.colcon_core.environment:checking '/home/capstone-nano1/TTT-Capstone-Sensors/tabletennistrainer_ws/install/ttt_msgs/bin'
[4.539s] INFO:colcon.colcon_core.shell:Creating package script '/home/capstone-nano1/TTT-Capstone-Sensors/tabletennistrainer_ws/install/ttt_msgs/share/ttt_msgs/package.ps1'
[4.541s] INFO:colcon.colcon_core.shell:Creating package descriptor '/home/capstone-nano1/TTT-Capstone-Sensors/tabletennistrainer_ws/install/ttt_msgs/share/ttt_msgs/package.dsv'
[4.542s] INFO:colcon.colcon_core.shell:Creating package script '/home/capstone-nano1/TTT-Capstone-Sensors/tabletennistrainer_ws/install/ttt_msgs/share/ttt_msgs/package.sh'
[4.543s] INFO:colcon.colcon_core.shell:Creating package script '/home/capstone-nano1/TTT-Capstone-Sensors/tabletennistrainer_ws/install/ttt_msgs/share/ttt_msgs/package.bash'
[4.546s] INFO:colcon.colcon_core.shell:Creating package script '/home/capstone-nano1/TTT-Capstone-Sensors/tabletennistrainer_ws/install/ttt_msgs/share/ttt_msgs/package.zsh'
[4.547s] Level 1:colcon.colcon_core.environment:create_file_with_runtime_dependencies(/home/capstone-nano1/TTT-Capstone-Sensors/tabletennistrainer_ws/install/ttt_msgs/share/colcon-core/packages/ttt_msgs)
[5.409s] DEBUG:colcon.colcon_core.event_handler.log_command:Invoked command in '/home/capstone-nano1/TTT-Capstone-Sensors/tabletennistrainer_ws/build/ttt_hardware' returned '0': CMAKE_PREFIX_PATH=/opt/ros/humble /usr/bin/cmake /home/capstone-nano1/TTT-Capstone-Sensors/tabletennistrainer_ws/src/ttt_hardware -DCMAKE_INSTALL_PREFIX=/home/capstone-nano1/TTT-Capstone-Sensors/tabletennistrainer_ws/install/ttt_hardware
[5.413s] DEBUG:colcon.colcon_core.event_handler.log_command:Invoking command in '/home/capstone-nano1/TTT-Capstone-Sensors/tabletennistrainer_ws/build/ttt_hardware': CMAKE_PREFIX_PATH=/opt/ros/humble /usr/bin/cmake --build /home/capstone-nano1/TTT-Capstone-Sensors/tabletennistrainer_ws/build/ttt_hardware -- -j6 -l6
[5.419s] DEBUG:colcon.colcon_core.event_handler.log_command:Invoked command in '/home/capstone-nano1/TTT-Capstone-Sensors/tabletennistrainer_ws/build/ttt_control' returned '0': CMAKE_PREFIX_PATH=/opt/ros/humble /usr/bin/cmake /home/capstone-nano1/TTT-Capstone-Sensors/tabletennistrainer_ws/src/ttt_control -DCMAKE_INSTALL_PREFIX=/home/capstone-nano1/TTT-Capstone-Sensors/tabletennistrainer_ws/install/ttt_control
[5.421s] DEBUG:colcon.colcon_core.event_handler.log_command:Invoking command in '/home/capstone-nano1/TTT-Capstone-Sensors/tabletennistrainer_ws/build/ttt_control': CMAKE_PREFIX_PATH=/opt/ros/humble /usr/bin/cmake --build /home/capstone-nano1/TTT-Capstone-Sensors/tabletennistrainer_ws/build/ttt_control -- -j6 -l6
[5.522s] DEBUG:colcon.colcon_core.event_handler.log_command:Invoked command in '/home/capstone-nano1/TTT-Capstone-Sensors/tabletennistrainer_ws/build/ttt_hardware' returned '0': CMAKE_PREFIX_PATH=/opt/ros/humble /usr/bin/cmake --build /home/capstone-nano1/TTT-Capstone-Sensors/tabletennistrainer_ws/build/ttt_hardware -- -j6 -l6
[5.527s] DEBUG:colcon.colcon_core.event_handler.log_command:Invoking command in '/home/capstone-nano1/TTT-Capstone-Sensors/tabletennistrainer_ws/build/ttt_hardware': CMAKE_PREFIX_PATH=/opt/ros/humble /usr/bin/cmake --install /home/capstone-nano1/TTT-Capstone-Sensors/tabletennistrainer_ws/build/ttt_hardware
[5.529s] DEBUG:colcon.colcon_core.event_handler.log_command:Invoked command in '/home/capstone-nano1/TTT-Capstone-Sensors/tabletennistrainer_ws/build/ttt_control' returned '0': CMAKE_PREFIX_PATH=/opt/ros/humble /usr/bin/cmake --build /home/capstone-nano1/TTT-Capstone-Sensors/tabletennistrainer_ws/build/ttt_control -- -j6 -l6
[5.533s] DEBUG:colcon.colcon_core.event_handler.log_command:Invoking command in '/home/capstone-nano1/TTT-Capstone-Sensors/tabletennistrainer_ws/build/ttt_control': CMAKE_PREFIX_PATH=/opt/ros/humble /usr/bin/cmake --install /home/capstone-nano1/TTT-Capstone-Sensors/tabletennistrainer_ws/build/ttt_control
[5.554s] DEBUG:colcon.colcon_core.event_handler.log_command:Invoked command in '/home/capstone-nano1/TTT-Capstone-Sensors/tabletennistrainer_ws/build/ttt_vision' returned '0': CMAKE_PREFIX_PATH=/opt/ros/humble /usr/bin/cmake /home/capstone-nano1/TTT-Capstone-Sensors/tabletennistrainer_ws/src/ttt_vision -DCMAKE_INSTALL_PREFIX=/home/capstone-nano1/TTT-Capstone-Sensors/tabletennistrainer_ws/install/ttt_vision
[5.559s] Level 1:colcon.colcon_core.environment:create_environment_scripts_only(ttt_hardware)
[5.561s] Level 1:colcon.colcon_core.environment:checking '/home/capstone-nano1/TTT-Capstone-Sensors/tabletennistrainer_ws/install/ttt_hardware' for CMake module files
[5.561s] DEBUG:colcon.colcon_core.event_handler.log_command:Invoking command in '/home/capstone-nano1/TTT-Capstone-Sensors/tabletennistrainer_ws/build/ttt_vision': CMAKE_PREFIX_PATH=/opt/ros/humble /usr/bin/cmake --build /home/capstone-nano1/TTT-Capstone-Sensors/tabletennistrainer_ws/build/ttt_vision -- -j6 -l6
[5.564s] Level 1:colcon.colcon_core.environment:checking '/home/capstone-nano1/TTT-Capstone-Sensors/tabletennistrainer_ws/install/ttt_hardware' for CMake config files
[5.567s] Level 1:colcon.colcon_core.shell:create_environment_hook('ttt_hardware', 'cmake_prefix_path')
[5.567s] INFO:colcon.colcon_core.shell:Creating environment hook '/home/capstone-nano1/TTT-Capstone-Sensors/tabletennistrainer_ws/install/ttt_hardware/share/ttt_hardware/hook/cmake_prefix_path.ps1'
[5.570s] INFO:colcon.colcon_core.shell:Creating environment descriptor '/home/capstone-nano1/TTT-Capstone-Sensors/tabletennistrainer_ws/install/ttt_hardware/share/ttt_hardware/hook/cmake_prefix_path.dsv'
[5.571s] DEBUG:colcon.colcon_core.event_handler.log_command:Invoked command in '/home/capstone-nano1/TTT-Capstone-Sensors/tabletennistrainer_ws/build/ttt_hardware' returned '0': CMAKE_PREFIX_PATH=/opt/ros/humble /usr/bin/cmake --install /home/capstone-nano1/TTT-Capstone-Sensors/tabletennistrainer_ws/build/ttt_hardware
[5.572s] INFO:colcon.colcon_core.shell:Creating environment hook '/home/capstone-nano1/TTT-Capstone-Sensors/tabletennistrainer_ws/install/ttt_hardware/share/ttt_hardware/hook/cmake_prefix_path.sh'
[5.574s] Level 1:colcon.colcon_core.environment:checking '/home/capstone-nano1/TTT-Capstone-Sensors/tabletennistrainer_ws/install/ttt_hardware/bin'
[5.574s] Level 1:colcon.colcon_core.environment:checking '/home/capstone-nano1/TTT-Capstone-Sensors/tabletennistrainer_ws/install/ttt_hardware/lib/pkgconfig/ttt_hardware.pc'
[5.575s] Level 1:colcon.colcon_core.environment:checking '/home/capstone-nano1/TTT-Capstone-Sensors/tabletennistrainer_ws/install/ttt_hardware/lib/python3.10/site-packages'
[5.576s] Level 1:colcon.colcon_core.environment:checking '/home/capstone-nano1/TTT-Capstone-Sensors/tabletennistrainer_ws/install/ttt_hardware/bin'
[5.577s] INFO:colcon.colcon_core.shell:Creating package script '/home/capstone-nano1/TTT-Capstone-Sensors/tabletennistrainer_ws/install/ttt_hardware/share/ttt_hardware/package.ps1'
[5.578s] INFO:colcon.colcon_core.shell:Creating package descriptor '/home/capstone-nano1/TTT-Capstone-Sensors/tabletennistrainer_ws/install/ttt_hardware/share/ttt_hardware/package.dsv'
[5.580s] INFO:colcon.colcon_core.shell:Creating package script '/home/capstone-nano1/TTT-Capstone-Sensors/tabletennistrainer_ws/install/ttt_hardware/share/ttt_hardware/package.sh'
[5.581s] INFO:colcon.colcon_core.shell:Creating package script '/home/capstone-nano1/TTT-Capstone-Sensors/tabletennistrainer_ws/install/ttt_hardware/share/ttt_hardware/package.bash'
[5.582s] INFO:colcon.colcon_core.shell:Creating package script '/home/capstone-nano1/TTT-Capstone-Sensors/tabletennistrainer_ws/install/ttt_hardware/share/ttt_hardware/package.zsh'
[5.582s] Level 1:colcon.colcon_core.environment:create_file_with_runtime_dependencies(/home/capstone-nano1/TTT-Capstone-Sensors/tabletennistrainer_ws/install/ttt_hardware/share/colcon-core/packages/ttt_hardware)
[5.584s] Level 1:colcon.colcon_core.environment:create_environment_scripts_only(ttt_hardware)
[5.585s] Level 1:colcon.colcon_core.environment:checking '/home/capstone-nano1/TTT-Capstone-Sensors/tabletennistrainer_ws/install/ttt_hardware' for CMake module files
[5.586s] Level 1:colcon.colcon_core.environment:checking '/home/capstone-nano1/TTT-Capstone-Sensors/tabletennistrainer_ws/install/ttt_hardware' for CMake config files
[5.586s] Level 1:colcon.colcon_core.shell:create_environment_hook('ttt_hardware', 'cmake_prefix_path')
[5.587s] INFO:colcon.colcon_core.shell:Creating environment hook '/home/capstone-nano1/TTT-Capstone-Sensors/tabletennistrainer_ws/install/ttt_hardware/share/ttt_hardware/hook/cmake_prefix_path.ps1'
[5.588s] INFO:colcon.colcon_core.shell:Creating environment descriptor '/home/capstone-nano1/TTT-Capstone-Sensors/tabletennistrainer_ws/install/ttt_hardware/share/ttt_hardware/hook/cmake_prefix_path.dsv'
[5.589s] INFO:colcon.colcon_core.shell:Creating environment hook '/home/capstone-nano1/TTT-Capstone-Sensors/tabletennistrainer_ws/install/ttt_hardware/share/ttt_hardware/hook/cmake_prefix_path.sh'
[5.591s] Level 1:colcon.colcon_core.environment:checking '/home/capstone-nano1/TTT-Capstone-Sensors/tabletennistrainer_ws/install/ttt_hardware/bin'
[5.591s] Level 1:colcon.colcon_core.environment:checking '/home/capstone-nano1/TTT-Capstone-Sensors/tabletennistrainer_ws/install/ttt_hardware/lib/pkgconfig/ttt_hardware.pc'
[5.592s] Level 1:colcon.colcon_core.environment:checking '/home/capstone-nano1/TTT-Capstone-Sensors/tabletennistrainer_ws/install/ttt_hardware/lib/python3.10/site-packages'
[5.593s] Level 1:colcon.colcon_core.environment:checking '/home/capstone-nano1/TTT-Capstone-Sensors/tabletennistrainer_ws/install/ttt_hardware/bin'
[5.595s] INFO:colcon.colcon_core.shell:Creating package script '/home/capstone-nano1/TTT-Capstone-Sensors/tabletennistrainer_ws/install/ttt_hardware/share/ttt_hardware/package.ps1'
[5.597s] INFO:colcon.colcon_core.shell:Creating package descriptor '/home/capstone-nano1/TTT-Capstone-Sensors/tabletennistrainer_ws/install/ttt_hardware/share/ttt_hardware/package.dsv'
[5.598s] INFO:colcon.colcon_core.shell:Creating package script '/home/capstone-nano1/TTT-Capstone-Sensors/tabletennistrainer_ws/install/ttt_hardware/share/ttt_hardware/package.sh'
[5.600s] INFO:colcon.colcon_core.shell:Creating package script '/home/capstone-nano1/TTT-Capstone-Sensors/tabletennistrainer_ws/install/ttt_hardware/share/ttt_hardware/package.bash'
[5.601s] INFO:colcon.colcon_core.shell:Creating package script '/home/capstone-nano1/TTT-Capstone-Sensors/tabletennistrainer_ws/install/ttt_hardware/share/ttt_hardware/package.zsh'
[5.602s] Level 1:colcon.colcon_core.environment:create_file_with_runtime_dependencies(/home/capstone-nano1/TTT-Capstone-Sensors/tabletennistrainer_ws/install/ttt_hardware/share/colcon-core/packages/ttt_hardware)
[5.603s] Level 1:colcon.colcon_core.environment:create_environment_scripts_only(ttt_control)
[5.604s] Level 1:colcon.colcon_core.environment:checking '/home/capstone-nano1/TTT-Capstone-Sensors/tabletennistrainer_ws/install/ttt_control' for CMake module files
[5.607s] DEBUG:colcon.colcon_core.event_handler.log_command:Invoked command in '/home/capstone-nano1/TTT-Capstone-Sensors/tabletennistrainer_ws/build/ttt_control' returned '0': CMAKE_PREFIX_PATH=/opt/ros/humble /usr/bin/cmake --install /home/capstone-nano1/TTT-Capstone-Sensors/tabletennistrainer_ws/build/ttt_control
[5.607s] Level 1:colcon.colcon_core.environment:checking '/home/capstone-nano1/TTT-Capstone-Sensors/tabletennistrainer_ws/install/ttt_control' for CMake config files
[5.607s] Level 1:colcon.colcon_core.shell:create_environment_hook('ttt_control', 'cmake_prefix_path')
[5.608s] INFO:colcon.colcon_core.shell:Creating environment hook '/home/capstone-nano1/TTT-Capstone-Sensors/tabletennistrainer_ws/install/ttt_control/share/ttt_control/hook/cmake_prefix_path.ps1'
[5.610s] INFO:colcon.colcon_core.shell:Creating environment descriptor '/home/capstone-nano1/TTT-Capstone-Sensors/tabletennistrainer_ws/install/ttt_control/share/ttt_control/hook/cmake_prefix_path.dsv'
[5.610s] INFO:colcon.colcon_core.shell:Creating environment hook '/home/capstone-nano1/TTT-Capstone-Sensors/tabletennistrainer_ws/install/ttt_control/share/ttt_control/hook/cmake_prefix_path.sh'
[5.612s] Level 1:colcon.colcon_core.environment:checking '/home/capstone-nano1/TTT-Capstone-Sensors/tabletennistrainer_ws/install/ttt_control/bin'
[5.612s] Level 1:colcon.colcon_core.environment:checking '/home/capstone-nano1/TTT-Capstone-Sensors/tabletennistrainer_ws/install/ttt_control/lib/pkgconfig/ttt_control.pc'
[5.613s] Level 1:colcon.colcon_core.environment:checking '/home/capstone-nano1/TTT-Capstone-Sensors/tabletennistrainer_ws/install/ttt_control/lib/python3.10/site-packages'
[5.613s] Level 1:colcon.colcon_core.environment:checking '/home/capstone-nano1/TTT-Capstone-Sensors/tabletennistrainer_ws/install/ttt_control/bin'
[5.614s] INFO:colcon.colcon_core.shell:Creating package script '/home/capstone-nano1/TTT-Capstone-Sensors/tabletennistrainer_ws/install/ttt_control/share/ttt_control/package.ps1'
[5.615s] INFO:colcon.colcon_core.shell:Creating package descriptor '/home/capstone-nano1/TTT-Capstone-Sensors/tabletennistrainer_ws/install/ttt_control/share/ttt_control/package.dsv'
[5.617s] INFO:colcon.colcon_core.shell:Creating package script '/home/capstone-nano1/TTT-Capstone-Sensors/tabletennistrainer_ws/install/ttt_control/share/ttt_control/package.sh'
[5.617s] INFO:colcon.colcon_core.shell:Creating package script '/home/capstone-nano1/TTT-Capstone-Sensors/tabletennistrainer_ws/install/ttt_control/share/ttt_control/package.bash'
[5.618s] INFO:colcon.colcon_core.shell:Creating package script '/home/capstone-nano1/TTT-Capstone-Sensors/tabletennistrainer_ws/install/ttt_control/share/ttt_control/package.zsh'
[5.619s] Level 1:colcon.colcon_core.environment:create_file_with_runtime_dependencies(/home/capstone-nano1/TTT-Capstone-Sensors/tabletennistrainer_ws/install/ttt_control/share/colcon-core/packages/ttt_control)
[5.621s] Level 1:colcon.colcon_core.environment:create_environment_scripts_only(ttt_control)
[5.621s] Level 1:colcon.colcon_core.environment:checking '/home/capstone-nano1/TTT-Capstone-Sensors/tabletennistrainer_ws/install/ttt_control' for CMake module files
[5.622s] Level 1:colcon.colcon_core.environment:checking '/home/capstone-nano1/TTT-Capstone-Sensors/tabletennistrainer_ws/install/ttt_control' for CMake config files
[5.622s] Level 1:colcon.colcon_core.shell:create_environment_hook('ttt_control', 'cmake_prefix_path')
[5.623s] INFO:colcon.colcon_core.shell:Creating environment hook '/home/capstone-nano1/TTT-Capstone-Sensors/tabletennistrainer_ws/install/ttt_control/share/ttt_control/hook/cmake_prefix_path.ps1'
[5.624s] INFO:colcon.colcon_core.shell:Creating environment descriptor '/home/capstone-nano1/TTT-Capstone-Sensors/tabletennistrainer_ws/install/ttt_control/share/ttt_control/hook/cmake_prefix_path.dsv'
[5.625s] INFO:colcon.colcon_core.shell:Creating environment hook '/home/capstone-nano1/TTT-Capstone-Sensors/tabletennistrainer_ws/install/ttt_control/share/ttt_control/hook/cmake_prefix_path.sh'
[5.626s] Level 1:colcon.colcon_core.environment:checking '/home/capstone-nano1/TTT-Capstone-Sensors/tabletennistrainer_ws/install/ttt_control/bin'
[5.626s] Level 1:colcon.colcon_core.environment:checking '/home/capstone-nano1/TTT-Capstone-Sensors/tabletennistrainer_ws/install/ttt_control/lib/pkgconfig/ttt_control.pc'
[5.627s] Level 1:colcon.colcon_core.environment:checking '/home/capstone-nano1/TTT-Capstone-Sensors/tabletennistrainer_ws/install/ttt_control/lib/python3.10/site-packages'
[5.628s] Level 1:colcon.colcon_core.environment:checking '/home/capstone-nano1/TTT-Capstone-Sensors/tabletennistrainer_ws/install/ttt_control/bin'
[5.628s] INFO:colcon.colcon_core.shell:Creating package script '/home/capstone-nano1/TTT-Capstone-Sensors/tabletennistrainer_ws/install/ttt_control/share/ttt_control/package.ps1'
[5.630s] INFO:colcon.colcon_core.shell:Creating package descriptor '/home/capstone-nano1/TTT-Capstone-Sensors/tabletennistrainer_ws/install/ttt_control/share/ttt_control/package.dsv'
[5.631s] INFO:colcon.colcon_core.shell:Creating package script '/home/capstone-nano1/TTT-Capstone-Sensors/tabletennistrainer_ws/install/ttt_control/share/ttt_control/package.sh'
[5.632s] INFO:colcon.colcon_core.shell:Creating package script '/home/capstone-nano1/TTT-Capstone-Sensors/tabletennistrainer_ws/install/ttt_control/share/ttt_control/package.bash'
[5.633s] INFO:colcon.colcon_core.shell:Creating package script '/home/capstone-nano1/TTT-Capstone-Sensors/tabletennistrainer_ws/install/ttt_control/share/ttt_control/package.zsh'
[5.634s] Level 1:colcon.colcon_core.environment:create_file_with_runtime_dependencies(/home/capstone-nano1/TTT-Capstone-Sensors/tabletennistrainer_ws/install/ttt_control/share/colcon-core/packages/ttt_control)
[5.641s] DEBUG:colcon.colcon_core.event_handler.log_command:Invoked command in '/home/capstone-nano1/TTT-Capstone-Sensors/tabletennistrainer_ws/build/ttt_camera' returned '0': CMAKE_PREFIX_PATH=/opt/ros/humble /usr/bin/cmake /home/capstone-nano1/TTT-Capstone-Sensors/tabletennistrainer_ws/src/ttt_camera -DCMAKE_INSTALL_PREFIX=/home/capstone-nano1/TTT-Capstone-Sensors/tabletennistrainer_ws/install/ttt_camera
[5.643s] DEBUG:colcon.colcon_core.event_handler.log_command:Invoking command in '/home/capstone-nano1/TTT-Capstone-Sensors/tabletennistrainer_ws/build/ttt_camera': CMAKE_PREFIX_PATH=/opt/ros/humble /usr/bin/cmake --build /home/capstone-nano1/TTT-Capstone-Sensors/tabletennistrainer_ws/build/ttt_camera -- -j6 -l6
[5.660s] DEBUG:colcon.colcon_core.event_handler.log_command:Invoked command in '/home/capstone-nano1/TTT-Capstone-Sensors/tabletennistrainer_ws/build/ttt_vision' returned '0': CMAKE_PREFIX_PATH=/opt/ros/humble /usr/bin/cmake --build /home/capstone-nano1/TTT-Capstone-Sensors/tabletennistrainer_ws/build/ttt_vision -- -j6 -l6
[5.663s] DEBUG:colcon.colcon_core.event_handler.log_command:Invoking command in '/home/capstone-nano1/TTT-Capstone-Sensors/tabletennistrainer_ws/build/ttt_vision': CMAKE_PREFIX_PATH=/opt/ros/humble /usr/bin/cmake --install /home/capstone-nano1/TTT-Capstone-Sensors/tabletennistrainer_ws/build/ttt_vision
[5.689s] Level 1:colcon.colcon_core.environment:create_environment_scripts_only(ttt_vision)
[5.691s] Level 1:colcon.colcon_core.environment:checking '/home/capstone-nano1/TTT-Capstone-Sensors/tabletennistrainer_ws/install/ttt_vision' for CMake module files
[5.692s] DEBUG:colcon.colcon_core.event_handler.log_command:Invoked command in '/home/capstone-nano1/TTT-Capstone-Sensors/tabletennistrainer_ws/build/ttt_vision' returned '0': CMAKE_PREFIX_PATH=/opt/ros/humble /usr/bin/cmake --install /home/capstone-nano1/TTT-Capstone-Sensors/tabletennistrainer_ws/build/ttt_vision
[5.693s] Level 1:colcon.colcon_core.environment:checking '/home/capstone-nano1/TTT-Capstone-Sensors/tabletennistrainer_ws/install/ttt_vision' for CMake config files
[5.694s] Level 1:colcon.colcon_core.shell:create_environment_hook('ttt_vision', 'cmake_prefix_path')
[5.695s] INFO:colcon.colcon_core.shell:Creating environment hook '/home/capstone-nano1/TTT-Capstone-Sensors/tabletennistrainer_ws/install/ttt_vision/share/ttt_vision/hook/cmake_prefix_path.ps1'
[5.697s] INFO:colcon.colcon_core.shell:Creating environment descriptor '/home/capstone-nano1/TTT-Capstone-Sensors/tabletennistrainer_ws/install/ttt_vision/share/ttt_vision/hook/cmake_prefix_path.dsv'
[5.698s] INFO:colcon.colcon_core.shell:Creating environment hook '/home/capstone-nano1/TTT-Capstone-Sensors/tabletennistrainer_ws/install/ttt_vision/share/ttt_vision/hook/cmake_prefix_path.sh'
[5.699s] Level 1:colcon.colcon_core.environment:checking '/home/capstone-nano1/TTT-Capstone-Sensors/tabletennistrainer_ws/install/ttt_vision/bin'
[5.699s] Level 1:colcon.colcon_core.environment:checking '/home/capstone-nano1/TTT-Capstone-Sensors/tabletennistrainer_ws/install/ttt_vision/lib/pkgconfig/ttt_vision.pc'
[5.700s] Level 1:colcon.colcon_core.environment:checking '/home/capstone-nano1/TTT-Capstone-Sensors/tabletennistrainer_ws/install/ttt_vision/lib/python3.10/site-packages'
[5.701s] Level 1:colcon.colcon_core.environment:checking '/home/capstone-nano1/TTT-Capstone-Sensors/tabletennistrainer_ws/install/ttt_vision/bin'
[5.702s] INFO:colcon.colcon_core.shell:Creating package script '/home/capstone-nano1/TTT-Capstone-Sensors/tabletennistrainer_ws/install/ttt_vision/share/ttt_vision/package.ps1'
[5.703s] INFO:colcon.colcon_core.shell:Creating package descriptor '/home/capstone-nano1/TTT-Capstone-Sensors/tabletennistrainer_ws/install/ttt_vision/share/ttt_vision/package.dsv'
[5.704s] INFO:colcon.colcon_core.shell:Creating package script '/home/capstone-nano1/TTT-Capstone-Sensors/tabletennistrainer_ws/install/ttt_vision/share/ttt_vision/package.sh'
[5.705s] INFO:colcon.colcon_core.shell:Creating package script '/home/capstone-nano1/TTT-Capstone-Sensors/tabletennistrainer_ws/install/ttt_vision/share/ttt_vision/package.bash'
[5.706s] INFO:colcon.colcon_core.shell:Creating package script '/home/capstone-nano1/TTT-Capstone-Sensors/tabletennistrainer_ws/install/ttt_vision/share/ttt_vision/package.zsh'
[5.706s] Level 1:colcon.colcon_core.environment:create_file_with_runtime_dependencies(/home/capstone-nano1/TTT-Capstone-Sensors/tabletennistrainer_ws/install/ttt_vision/share/colcon-core/packages/ttt_vision)
[5.708s] Level 1:colcon.colcon_core.environment:create_environment_scripts_only(ttt_vision)
[5.709s] Level 1:colcon.colcon_core.environment:checking '/home/capstone-nano1/TTT-Capstone-Sensors/tabletennistrainer_ws/install/ttt_vision' for CMake module files
[5.710s] Level 1:colcon.colcon_core.environment:checking '/home/capstone-nano1/TTT-Capstone-Sensors/tabletennistrainer_ws/install/ttt_vision' for CMake config files
[5.710s] Level 1:colcon.colcon_core.shell:create_environment_hook('ttt_vision', 'cmake_prefix_path')
[5.711s] INFO:colcon.colcon_core.shell:Creating environment hook '/home/capstone-nano1/TTT-Capstone-Sensors/tabletennistrainer_ws/install/ttt_vision/share/ttt_vision/hook/cmake_prefix_path.ps1'
[5.712s] INFO:colcon.colcon_core.shell:Creating environment descriptor '/home/capstone-nano1/TTT-Capstone-Sensors/tabletennistrainer_ws/install/ttt_vision/share/ttt_vision/hook/cmake_prefix_path.dsv'
[5.713s] INFO:colcon.colcon_core.shell:Creating environment hook '/home/capstone-nano1/TTT-Capstone-Sensors/tabletennistrainer_ws/install/ttt_vision/share/ttt_vision/hook/cmake_prefix_path.sh'
[5.714s] Level 1:colcon.colcon_core.environment:checking '/home/capstone-nano1/TTT-Capstone-Sensors/tabletennistrainer_ws/install/ttt_vision/bin'
[5.714s] Level 1:colcon.colcon_core.environment:checking '/home/capstone-nano1/TTT-Capstone-Sensors/tabletennistrainer_ws/install/ttt_vision/lib/pkgconfig/ttt_vision.pc'
[5.715s] Level 1:colcon.colcon_core.environment:checking '/home/capstone-nano1/TTT-Capstone-Sensors/tabletennistrainer_ws/install/ttt_vision/lib/python3.10/site-packages'
[5.716s] Level 1:colcon.colcon_core.environment:checking '/home/capstone-nano1/TTT-Capstone-Sensors/tabletennistrainer_ws/install/ttt_vision/bin'
[5.716s] INFO:colcon.colcon_core.shell:Creating package script '/home/capstone-nano1/TTT-Capstone-Sensors/tabletennistrainer_ws/install/ttt_vision/share/ttt_vision/package.ps1'
[5.718s] INFO:colcon.colcon_core.shell:Creating package descriptor '/home/capstone-nano1/TTT-Capstone-Sensors/tabletennistrainer_ws/install/ttt_vision/share/ttt_vision/package.dsv'
[5.719s] INFO:colcon.colcon_core.shell:Creating package script '/home/capstone-nano1/TTT-Capstone-Sensors/tabletennistrainer_ws/install/ttt_vision/share/ttt_vision/package.sh'
[5.721s] INFO:colcon.colcon_core.shell:Creating package script '/home/capstone-nano1/TTT-Capstone-Sensors/tabletennistrainer_ws/install/ttt_vision/share/ttt_vision/package.bash'
[5.723s] INFO:colcon.colcon_core.shell:Creating package script '/home/capstone-nano1/TTT-Capstone-Sensors/tabletennistrainer_ws/install/ttt_vision/share/ttt_vision/package.zsh'
[5.724s] Level 1:colcon.colcon_core.environment:create_file_with_runtime_dependencies(/home/capstone-nano1/TTT-Capstone-Sensors/tabletennistrainer_ws/install/ttt_vision/share/colcon-core/packages/ttt_vision)
[5.739s] DEBUG:colcon.colcon_core.event_handler.log_command:Invoked command in '/home/capstone-nano1/TTT-Capstone-Sensors/tabletennistrainer_ws/build/ttt_camera' returned '0': CMAKE_PREFIX_PATH=/opt/ros/humble /usr/bin/cmake --build /home/capstone-nano1/TTT-Capstone-Sensors/tabletennistrainer_ws/build/ttt_camera -- -j6 -l6
[5.744s] DEBUG:colcon.colcon_core.event_handler.log_command:Invoking command in '/home/capstone-nano1/TTT-Capstone-Sensors/tabletennistrainer_ws/build/ttt_camera': CMAKE_PREFIX_PATH=/opt/ros/humble /usr/bin/cmake --install /home/capstone-nano1/TTT-Capstone-Sensors/tabletennistrainer_ws/build/ttt_camera
[5.772s] Level 1:colcon.colcon_core.environment:create_environment_scripts_only(ttt_camera)
[5.784s] Level 1:colcon.colcon_core.environment:checking '/home/capstone-nano1/TTT-Capstone-Sensors/tabletennistrainer_ws/install/ttt_camera' for CMake module files
[5.785s] DEBUG:colcon.colcon_core.event_handler.log_command:Invoked command in '/home/capstone-nano1/TTT-Capstone-Sensors/tabletennistrainer_ws/build/ttt_camera' returned '0': CMAKE_PREFIX_PATH=/opt/ros/humble /usr/bin/cmake --install /home/capstone-nano1/TTT-Capstone-Sensors/tabletennistrainer_ws/build/ttt_camera
[5.789s] Level 1:colcon.colcon_core.environment:checking '/home/capstone-nano1/TTT-Capstone-Sensors/tabletennistrainer_ws/install/ttt_camera' for CMake config files
[5.790s] Level 1:colcon.colcon_core.shell:create_environment_hook('ttt_camera', 'cmake_prefix_path')
[5.791s] INFO:colcon.colcon_core.shell:Creating environment hook '/home/capstone-nano1/TTT-Capstone-Sensors/tabletennistrainer_ws/install/ttt_camera/share/ttt_camera/hook/cmake_prefix_path.ps1'
[5.798s] INFO:colcon.colcon_core.shell:Creating environment descriptor '/home/capstone-nano1/TTT-Capstone-Sensors/tabletennistrainer_ws/install/ttt_camera/share/ttt_camera/hook/cmake_prefix_path.dsv'
[5.799s] INFO:colcon.colcon_core.shell:Creating environment hook '/home/capstone-nano1/TTT-Capstone-Sensors/tabletennistrainer_ws/install/ttt_camera/share/ttt_camera/hook/cmake_prefix_path.sh'
[5.801s] Level 1:colcon.colcon_core.environment:checking '/home/capstone-nano1/TTT-Capstone-Sensors/tabletennistrainer_ws/install/ttt_camera/bin'
[5.802s] Level 1:colcon.colcon_core.environment:checking '/home/capstone-nano1/TTT-Capstone-Sensors/tabletennistrainer_ws/install/ttt_camera/lib/pkgconfig/ttt_camera.pc'
[5.803s] Level 1:colcon.colcon_core.environment:checking '/home/capstone-nano1/TTT-Capstone-Sensors/tabletennistrainer_ws/install/ttt_camera/lib/python3.10/site-packages'
[5.804s] Level 1:colcon.colcon_core.environment:checking '/home/capstone-nano1/TTT-Capstone-Sensors/tabletennistrainer_ws/install/ttt_camera/bin'
[5.805s] INFO:colcon.colcon_core.shell:Creating package script '/home/capstone-nano1/TTT-Capstone-Sensors/tabletennistrainer_ws/install/ttt_camera/share/ttt_camera/package.ps1'
[5.807s] INFO:colcon.colcon_core.shell:Creating package descriptor '/home/capstone-nano1/TTT-Capstone-Sensors/tabletennistrainer_ws/install/ttt_camera/share/ttt_camera/package.dsv'
[5.808s] INFO:colcon.colcon_core.shell:Creating package script '/home/capstone-nano1/TTT-Capstone-Sensors/tabletennistrainer_ws/install/ttt_camera/share/ttt_camera/package.sh'
[5.810s] INFO:colcon.colcon_core.shell:Creating package script '/home/capstone-nano1/TTT-Capstone-Sensors/tabletennistrainer_ws/install/ttt_camera/share/ttt_camera/package.bash'
[5.812s] INFO:colcon.colcon_core.shell:Creating package script '/home/capstone-nano1/TTT-Capstone-Sensors/tabletennistrainer_ws/install/ttt_camera/share/ttt_camera/package.zsh'
[5.814s] Level 1:colcon.colcon_core.environment:create_file_with_runtime_dependencies(/home/capstone-nano1/TTT-Capstone-Sensors/tabletennistrainer_ws/install/ttt_camera/share/colcon-core/packages/ttt_camera)
[5.816s] Level 1:colcon.colcon_core.environment:create_environment_scripts_only(ttt_camera)
[5.817s] Level 1:colcon.colcon_core.environment:checking '/home/capstone-nano1/TTT-Capstone-Sensors/tabletennistrainer_ws/install/ttt_camera' for CMake module files
[5.818s] Level 1:colcon.colcon_core.environment:checking '/home/capstone-nano1/TTT-Capstone-Sensors/tabletennistrainer_ws/install/ttt_camera' for CMake config files
[5.819s] Level 1:colcon.colcon_core.shell:create_environment_hook('ttt_camera', 'cmake_prefix_path')
[5.820s] INFO:colcon.colcon_core.shell:Creating environment hook '/home/capstone-nano1/TTT-Capstone-Sensors/tabletennistrainer_ws/install/ttt_camera/share/ttt_camera/hook/cmake_prefix_path.ps1'
[5.821s] INFO:colcon.colcon_core.shell:Creating environment descriptor '/home/capstone-nano1/TTT-Capstone-Sensors/tabletennistrainer_ws/install/ttt_camera/share/ttt_camera/hook/cmake_prefix_path.dsv'
[5.823s] INFO:colcon.colcon_core.shell:Creating environment hook '/home/capstone-nano1/TTT-Capstone-Sensors/tabletennistrainer_ws/install/ttt_camera/share/ttt_camera/hook/cmake_prefix_path.sh'
[5.825s] Level 1:colcon.colcon_core.environment:checking '/home/capstone-nano1/TTT-Capstone-Sensors/tabletennistrainer_ws/install/ttt_camera/bin'
[5.825s] Level 1:colcon.colcon_core.environment:checking '/home/capstone-nano1/TTT-Capstone-Sensors/tabletennistrainer_ws/install/ttt_camera/lib/pkgconfig/ttt_camera.pc'
[5.826s] Level 1:colcon.colcon_core.environment:checking '/home/capstone-nano1/TTT-Capstone-Sensors/tabletennistrainer_ws/install/ttt_camera/lib/python3.10/site-packages'
[5.827s] Level 1:colcon.colcon_core.environment:checking '/home/capstone-nano1/TTT-Capstone-Sensors/tabletennistrainer_ws/install/ttt_camera/bin'
[5.828s] INFO:colcon.colcon_core.shell:Creating package script '/home/capstone-nano1/TTT-Capstone-Sensors/tabletennistrainer_ws/install/ttt_camera/share/ttt_camera/package.ps1'
[5.830s] INFO:colcon.colcon_core.shell:Creating package descriptor '/home/capstone-nano1/TTT-Capstone-Sensors/tabletennistrainer_ws/install/ttt_camera/share/ttt_camera/package.dsv'
[5.831s] INFO:colcon.colcon_core.shell:Creating package script '/home/capstone-nano1/TTT-Capstone-Sensors/tabletennistrainer_ws/install/ttt_camera/share/ttt_camera/package.sh'
[5.832s] INFO:colcon.colcon_core.shell:Creating package script '/home/capstone-nano1/TTT-Capstone-Sensors/tabletennistrainer_ws/install/ttt_camera/share/ttt_camera/package.bash'
[5.834s] INFO:colcon.colcon_core.shell:Creating package script '/home/capstone-nano1/TTT-Capstone-Sensors/tabletennistrainer_ws/install/ttt_camera/share/ttt_camera/package.zsh'
[5.835s] Level 1:colcon.colcon_core.environment:create_file_with_runtime_dependencies(/home/capstone-nano1/TTT-Capstone-Sensors/tabletennistrainer_ws/install/ttt_camera/share/colcon-core/packages/ttt_camera)
[5.836s] DEBUG:colcon.colcon_parallel_executor.executor.parallel:closing loop
[5.837s] DEBUG:colcon.colcon_parallel_executor.executor.parallel:loop closed
[5.838s] DEBUG:colcon.colcon_parallel_executor.executor.parallel:run_until_complete finished with '0'
[5.838s] DEBUG:colcon.colcon_core.event_reactor:joining thread
[5.859s] INFO:colcon.colcon_core.plugin_system:Skipping extension 'colcon_notification.desktop_notification.terminal_notifier': Not used on non-Darwin systems
[5.859s] INFO:colcon.colcon_core.plugin_system:Skipping extension 'colcon_notification.desktop_notification.win32': Not used on non-Windows systems
[5.859s] INFO:colcon.colcon_notification.desktop_notification:Sending desktop notification using 'notify2'
[5.916s] DEBUG:colcon.colcon_core.event_reactor:joined thread
[5.917s] INFO:colcon.colcon_core.shell:Creating prefix script '/home/capstone-nano1/TTT-Capstone-Sensors/tabletennistrainer_ws/install/local_setup.ps1'
[5.921s] INFO:colcon.colcon_core.shell:Creating prefix util module '/home/capstone-nano1/TTT-Capstone-Sensors/tabletennistrainer_ws/install/_local_setup_util_ps1.py'
[5.926s] INFO:colcon.colcon_core.shell:Creating prefix chain script '/home/capstone-nano1/TTT-Capstone-Sensors/tabletennistrainer_ws/install/setup.ps1'
[5.929s] INFO:colcon.colcon_core.shell:Creating prefix script '/home/capstone-nano1/TTT-Capstone-Sensors/tabletennistrainer_ws/install/local_setup.sh'
[5.931s] INFO:colcon.colcon_core.shell:Creating prefix util module '/home/capstone-nano1/TTT-Capstone-Sensors/tabletennistrainer_ws/install/_local_setup_util_sh.py'
[5.933s] INFO:colcon.colcon_core.shell:Creating prefix chain script '/home/capstone-nano1/TTT-Capstone-Sensors/tabletennistrainer_ws/install/setup.sh'
[5.936s] INFO:colcon.colcon_core.shell:Creating prefix script '/home/capstone-nano1/TTT-Capstone-Sensors/tabletennistrainer_ws/install/local_setup.bash'
[5.938s] INFO:colcon.colcon_core.shell:Creating prefix chain script '/home/capstone-nano1/TTT-Capstone-Sensors/tabletennistrainer_ws/install/setup.bash'
[5.940s] INFO:colcon.colcon_core.shell:Creating prefix script '/home/capstone-nano1/TTT-Capstone-Sensors/tabletennistrainer_ws/install/local_setup.zsh'
[5.942s] INFO:colcon.colcon_core.shell:Creating prefix chain script '/home/capstone-nano1/TTT-Capstone-Sensors/tabletennistrainer_ws/install/setup.zsh'
