[0.049s] Invoking command in '/home/capstone-nano1/TTT-Capstone-Sensors/tabletennistrainer_ws/build/ttt_camera': CMAKE_PREFIX_PATH=/opt/ros/humble /usr/bin/cmake /home/capstone-nano1/TTT-Capstone-Sensors/tabletennistrainer_ws/src/ttt_camera -DCMAKE_INSTALL_PREFIX=/home/capstone-nano1/TTT-Capstone-Sensors/tabletennistrainer_ws/install/ttt_camera
[0.710s] -- The C compiler identification is GNU 11.4.0
[1.192s] -- The CXX compiler identification is GNU 11.4.0
[1.218s] -- Detecting C compiler ABI info
[1.434s] -- Detecting C compiler ABI info - done
[1.464s] -- Check for working C compiler: /usr/bin/cc - skipped
[1.464s] -- Detecting C compile features
[1.464s] -- Detecting C compile features - done
[1.475s] -- Detecting CXX compiler ABI info
[1.706s] -- Detecting CXX compiler ABI info - done
[1.720s] -- Check for working CXX compiler: /usr/bin/c++ - skipped
[1.721s] -- Detecting CXX compile features
[1.722s] -- Detecting CXX compile features - done
[1.727s] -- Found ament_cmake: 1.3.12 (/opt/ros/humble/share/ament_cmake/cmake)
[3.047s] -- Found Python3: /usr/bin/python3 (found version "3.10.12") found components: Interpreter 
[3.371s] -- Found rclcpp: 16.0.17 (/opt/ros/humble/share/rclcpp/cmake)
[3.468s] -- Found rosidl_generator_c: 3.1.8 (/opt/ros/humble/share/rosidl_generator_c/cmake)
[3.479s] -- Found rosidl_adapter: 3.1.8 (/opt/ros/humble/share/rosidl_adapter/cmake)
[3.498s] -- Found rosidl_generator_cpp: 3.1.8 (/opt/ros/humble/share/rosidl_generator_cpp/cmake)
[3.527s] -- Using all available rosidl_typesupport_c: rosidl_typesupport_fastrtps_c;rosidl_typesupport_introspection_c
[3.566s] -- Using all available rosidl_typesupport_cpp: rosidl_typesupport_fastrtps_cpp;rosidl_typesupport_introspection_cpp
[3.668s] -- Found rmw_implementation_cmake: 6.1.2 (/opt/ros/humble/share/rmw_implementation_cmake/cmake)
[3.675s] -- Found rmw_fastrtps_cpp: 6.2.9 (/opt/ros/humble/share/rmw_fastrtps_cpp/cmake)
[3.869s] -- Found OpenSSL: /usr/lib/aarch64-linux-gnu/libcrypto.so (found version "3.0.2")  
[3.929s] -- Found FastRTPS: /opt/ros/humble/include  
[4.024s] -- Using RMW implementation 'rmw_fastrtps_cpp' as default
[4.042s] -- Looking for pthread.h
[4.223s] -- Looking for pthread.h - found
[4.224s] -- Performing Test CMAKE_HAVE_LIBC_PTHREAD
[4.410s] -- Performing Test CMAKE_HAVE_LIBC_PTHREAD - Success
[4.413s] -- Found Threads: TRUE  
[4.538s] -- Found sensor_msgs: 4.9.0 (/opt/ros/humble/share/sensor_msgs/cmake)
[4.626s] -- Found cv_bridge: 3.2.1 (/opt/ros/humble/share/cv_bridge/cmake)
[4.654s] -- Found ament_lint_auto: 0.12.14 (/opt/ros/humble/share/ament_lint_auto/cmake)
[4.890s] -- Added test 'lint_cmake' to check CMake code style
[4.893s] -- Added test 'xmllint' to check XML markup files
[4.898s] -- Configuring done
[4.920s] -- Generating done
[4.921s] -- Build files have been written to: /home/capstone-nano1/TTT-Capstone-Sensors/tabletennistrainer_ws/build/ttt_camera
[4.988s] Invoked command in '/home/capstone-nano1/TTT-Capstone-Sensors/tabletennistrainer_ws/build/ttt_camera' returned '0': CMAKE_PREFIX_PATH=/opt/ros/humble /usr/bin/cmake /home/capstone-nano1/TTT-Capstone-Sensors/tabletennistrainer_ws/src/ttt_camera -DCMAKE_INSTALL_PREFIX=/home/capstone-nano1/TTT-Capstone-Sensors/tabletennistrainer_ws/install/ttt_camera
[4.991s] Invoking command in '/home/capstone-nano1/TTT-Capstone-Sensors/tabletennistrainer_ws/build/ttt_camera': CMAKE_PREFIX_PATH=/opt/ros/humble /usr/bin/cmake --build /home/capstone-nano1/TTT-Capstone-Sensors/tabletennistrainer_ws/build/ttt_camera -- -j6 -l6
[5.087s] Invoked command in '/home/capstone-nano1/TTT-Capstone-Sensors/tabletennistrainer_ws/build/ttt_camera' returned '0': CMAKE_PREFIX_PATH=/opt/ros/humble /usr/bin/cmake --build /home/capstone-nano1/TTT-Capstone-Sensors/tabletennistrainer_ws/build/ttt_camera -- -j6 -l6
[5.091s] Invoking command in '/home/capstone-nano1/TTT-Capstone-Sensors/tabletennistrainer_ws/build/ttt_camera': CMAKE_PREFIX_PATH=/opt/ros/humble /usr/bin/cmake --install /home/capstone-nano1/TTT-Capstone-Sensors/tabletennistrainer_ws/build/ttt_camera
[5.110s] -- Install configuration: ""
[5.110s] -- Installing: /home/capstone-nano1/TTT-Capstone-Sensors/tabletennistrainer_ws/install/ttt_camera/share/ament_index/resource_index/package_run_dependencies/ttt_camera
[5.112s] -- Installing: /home/capstone-nano1/TTT-Capstone-Sensors/tabletennistrainer_ws/install/ttt_camera/share/ament_index/resource_index/parent_prefix_path/ttt_camera
[5.112s] -- Installing: /home/capstone-nano1/TTT-Capstone-Sensors/tabletennistrainer_ws/install/ttt_camera/share/ttt_camera/environment/ament_prefix_path.sh
[5.112s] -- Installing: /home/capstone-nano1/TTT-Capstone-Sensors/tabletennistrainer_ws/install/ttt_camera/share/ttt_camera/environment/ament_prefix_path.dsv
[5.113s] -- Installing: /home/capstone-nano1/TTT-Capstone-Sensors/tabletennistrainer_ws/install/ttt_camera/share/ttt_camera/environment/path.sh
[5.113s] -- Installing: /home/capstone-nano1/TTT-Capstone-Sensors/tabletennistrainer_ws/install/ttt_camera/share/ttt_camera/environment/path.dsv
[5.113s] -- Installing: /home/capstone-nano1/TTT-Capstone-Sensors/tabletennistrainer_ws/install/ttt_camera/share/ttt_camera/local_setup.bash
[5.113s] -- Installing: /home/capstone-nano1/TTT-Capstone-Sensors/tabletennistrainer_ws/install/ttt_camera/share/ttt_camera/local_setup.sh
[5.114s] -- Installing: /home/capstone-nano1/TTT-Capstone-Sensors/tabletennistrainer_ws/install/ttt_camera/share/ttt_camera/local_setup.zsh
[5.114s] -- Installing: /home/capstone-nano1/TTT-Capstone-Sensors/tabletennistrainer_ws/install/ttt_camera/share/ttt_camera/local_setup.dsv
[5.114s] -- Installing: /home/capstone-nano1/TTT-Capstone-Sensors/tabletennistrainer_ws/install/ttt_camera/share/ttt_camera/package.dsv
[5.114s] -- Installing: /home/capstone-nano1/TTT-Capstone-Sensors/tabletennistrainer_ws/install/ttt_camera/share/ament_index/resource_index/packages/ttt_camera
[5.115s] -- Installing: /home/capstone-nano1/TTT-Capstone-Sensors/tabletennistrainer_ws/install/ttt_camera/share/ttt_camera/cmake/ttt_cameraConfig.cmake
[5.115s] -- Installing: /home/capstone-nano1/TTT-Capstone-Sensors/tabletennistrainer_ws/install/ttt_camera/share/ttt_camera/cmake/ttt_cameraConfig-version.cmake
[5.115s] -- Installing: /home/capstone-nano1/TTT-Capstone-Sensors/tabletennistrainer_ws/install/ttt_camera/share/ttt_camera/package.xml
[5.133s] Invoked command in '/home/capstone-nano1/TTT-Capstone-Sensors/tabletennistrainer_ws/build/ttt_camera' returned '0': CMAKE_PREFIX_PATH=/opt/ros/humble /usr/bin/cmake --install /home/capstone-nano1/TTT-Capstone-Sensors/tabletennistrainer_ws/build/ttt_camera
