[0.042s] Invoking command in '/home/capstone-nano1/TTT-Capstone-Sensors/tabletennistrainer_ws/build/ttt_msgs': CMAKE_PREFIX_PATH=/opt/ros/humble /usr/bin/cmake /home/capstone-nano1/TTT-Capstone-Sensors/tabletennistrainer_ws/src/ttt_msgs -DCMAKE_INSTALL_PREFIX=/home/capstone-nano1/TTT-Capstone-Sensors/tabletennistrainer_ws/install/ttt_msgs
[0.679s] -- The C compiler identification is GNU 11.4.0
[1.163s] -- The CXX compiler identification is GNU 11.4.0
[1.200s] -- Detecting C compiler ABI info
[1.409s] -- Detecting C compiler ABI info - done
[1.437s] -- Check for working C compiler: /usr/bin/cc - skipped
[1.437s] -- Detecting C compile features
[1.441s] -- Detecting C compile features - done
[1.454s] -- Detecting CXX compiler ABI info
[1.670s] -- Detecting CXX compiler ABI info - done
[1.697s] -- Check for working CXX compiler: /usr/bin/c++ - skipped
[1.698s] -- Detecting CXX compile features
[1.700s] -- Detecting CXX compile features - done
[1.707s] -- Found ament_cmake: 1.3.12 (/opt/ros/humble/share/ament_cmake/cmake)
[3.056s] -- Found Python3: /usr/bin/python3 (found version "3.10.12") found components: Interpreter 
[3.346s] -- Found ament_lint_auto: 0.12.14 (/opt/ros/humble/share/ament_lint_auto/cmake)
[3.568s] -- Added test 'lint_cmake' to check CMake code style
[3.571s] -- Added test 'xmllint' to check XML markup files
[3.575s] -- Configuring done
[3.584s] -- Generating done
[3.591s] -- Build files have been written to: /home/capstone-nano1/TTT-Capstone-Sensors/tabletennistrainer_ws/build/ttt_msgs
[3.619s] Invoked command in '/home/capstone-nano1/TTT-Capstone-Sensors/tabletennistrainer_ws/build/ttt_msgs' returned '0': CMAKE_PREFIX_PATH=/opt/ros/humble /usr/bin/cmake /home/capstone-nano1/TTT-Capstone-Sensors/tabletennistrainer_ws/src/ttt_msgs -DCMAKE_INSTALL_PREFIX=/home/capstone-nano1/TTT-Capstone-Sensors/tabletennistrainer_ws/install/ttt_msgs
[3.623s] Invoking command in '/home/capstone-nano1/TTT-Capstone-Sensors/tabletennistrainer_ws/build/ttt_msgs': CMAKE_PREFIX_PATH=/opt/ros/humble /usr/bin/cmake --build /home/capstone-nano1/TTT-Capstone-Sensors/tabletennistrainer_ws/build/ttt_msgs -- -j6 -l6
[3.757s] Invoked command in '/home/capstone-nano1/TTT-Capstone-Sensors/tabletennistrainer_ws/build/ttt_msgs' returned '0': CMAKE_PREFIX_PATH=/opt/ros/humble /usr/bin/cmake --build /home/capstone-nano1/TTT-Capstone-Sensors/tabletennistrainer_ws/build/ttt_msgs -- -j6 -l6
[3.758s] Invoking command in '/home/capstone-nano1/TTT-Capstone-Sensors/tabletennistrainer_ws/build/ttt_msgs': CMAKE_PREFIX_PATH=/opt/ros/humble /usr/bin/cmake --install /home/capstone-nano1/TTT-Capstone-Sensors/tabletennistrainer_ws/build/ttt_msgs
[3.789s] -- Install configuration: ""
[3.789s] -- Installing: /home/capstone-nano1/TTT-Capstone-Sensors/tabletennistrainer_ws/install/ttt_msgs/share/ament_index/resource_index/package_run_dependencies/ttt_msgs
[3.790s] -- Installing: /home/capstone-nano1/TTT-Capstone-Sensors/tabletennistrainer_ws/install/ttt_msgs/share/ament_index/resource_index/parent_prefix_path/ttt_msgs
[3.790s] -- Installing: /home/capstone-nano1/TTT-Capstone-Sensors/tabletennistrainer_ws/install/ttt_msgs/share/ttt_msgs/environment/ament_prefix_path.sh
[3.791s] -- Installing: /home/capstone-nano1/TTT-Capstone-Sensors/tabletennistrainer_ws/install/ttt_msgs/share/ttt_msgs/environment/ament_prefix_path.dsv
[3.791s] -- Installing: /home/capstone-nano1/TTT-Capstone-Sensors/tabletennistrainer_ws/install/ttt_msgs/share/ttt_msgs/environment/path.sh
[3.791s] -- Installing: /home/capstone-nano1/TTT-Capstone-Sensors/tabletennistrainer_ws/install/ttt_msgs/share/ttt_msgs/environment/path.dsv
[3.792s] -- Installing: /home/capstone-nano1/TTT-Capstone-Sensors/tabletennistrainer_ws/install/ttt_msgs/share/ttt_msgs/local_setup.bash
[3.792s] -- Installing: /home/capstone-nano1/TTT-Capstone-Sensors/tabletennistrainer_ws/install/ttt_msgs/share/ttt_msgs/local_setup.sh
[3.793s] -- Installing: /home/capstone-nano1/TTT-Capstone-Sensors/tabletennistrainer_ws/install/ttt_msgs/share/ttt_msgs/local_setup.zsh
[3.793s] -- Installing: /home/capstone-nano1/TTT-Capstone-Sensors/tabletennistrainer_ws/install/ttt_msgs/share/ttt_msgs/local_setup.dsv
[3.793s] -- Installing: /home/capstone-nano1/TTT-Capstone-Sensors/tabletennistrainer_ws/install/ttt_msgs/share/ttt_msgs/package.dsv
[3.794s] -- Installing: /home/capstone-nano1/TTT-Capstone-Sensors/tabletennistrainer_ws/install/ttt_msgs/share/ament_index/resource_index/packages/ttt_msgs
[3.794s] -- Installing: /home/capstone-nano1/TTT-Capstone-Sensors/tabletennistrainer_ws/install/ttt_msgs/share/ttt_msgs/cmake/ttt_msgsConfig.cmake
[3.795s] -- Installing: /home/capstone-nano1/TTT-Capstone-Sensors/tabletennistrainer_ws/install/ttt_msgs/share/ttt_msgs/cmake/ttt_msgsConfig-version.cmake
[3.795s] -- Installing: /home/capstone-nano1/TTT-Capstone-Sensors/tabletennistrainer_ws/install/ttt_msgs/share/ttt_msgs/package.xml
[3.842s] Invoked command in '/home/capstone-nano1/TTT-Capstone-Sensors/tabletennistrainer_ws/build/ttt_msgs' returned '0': CMAKE_PREFIX_PATH=/opt/ros/humble /usr/bin/cmake --install /home/capstone-nano1/TTT-Capstone-Sensors/tabletennistrainer_ws/build/ttt_msgs
